2023-04-02 23:55:05 [pool-2-thread-2] INFO   - --- Indexing of all pages of the site https://dombulgakova.ru/ is FINISHED ---

2023-04-02 23:55:05 [ForkJoinPool-2-worker-1] INFO   - --- ForkJoinPool-2-worker-1 got correct abs:href https://nikoartgallery.com/arenda/ ---
2023-04-02 23:55:05 [ForkJoinPool-6-worker-1] INFO   - --- ForkJoinPool-6-worker-1 got correct abs:href https://playback.ru/ ---
2023-04-02 23:55:09 [ForkJoinPool-2-worker-1] INFO   - --- add to set https://nikoartgallery.com/ Никола.ру INDEXING ---
2023-04-02 23:55:09 [ForkJoinPool-2-worker-1] INFO   - --- ForkJoinPool-2-worker-1 got correct abs:href https://nikoartgallery.com/en/ ---
2023-04-02 23:55:09 [ForkJoinPool-6-worker-1] INFO   - --- add to set https://playback.ru/ PlayBack.Ru INDEXING ---
2023-04-02 23:55:09 [ForkJoinPool-6-worker-1] INFO   - --- ForkJoinPool-6-worker-1 got correct abs:href https://playback.ru/basket.html ---
2023-04-02 23:55:15 [ForkJoinPool-2-worker-1] INFO   - --- add to set https://nikoartgallery.com/ Никола.ру INDEXING ---
2023-04-02 23:55:15 [ForkJoinPool-2-worker-1] INFO   - --- ForkJoinPool-2-worker-1 got correct abs:href https://nikoartgallery.com/ ---
2023-04-02 23:55:17 [ForkJoinPool-6-worker-1] INFO   - --- add to set https://playback.ru/ PlayBack.Ru INDEXING ---
2023-04-02 23:55:17 [ForkJoinPool-6-worker-1] INFO   - --- ForkJoinPool-6-worker-1 got correct abs:href https://playback.ru/catalog/1511.html ---
2023-04-02 23:55:19 [ForkJoinPool-2-worker-1] INFO   - --- add to set https://nikoartgallery.com/ Никола.ру INDEXING ---
2023-04-02 23:55:19 [ForkJoinPool-2-worker-1] INFO   - --- ForkJoinPool-2-worker-1 got correct abs:href https://nikoartgallery.com/gallery/ ---
2023-04-02 23:55:21 [ForkJoinPool-6-worker-1] INFO   - --- add to set https://playback.ru/ PlayBack.Ru INDEXING ---
2023-04-02 23:55:21 [ForkJoinPool-6-worker-1] INFO   - --- ForkJoinPool-6-worker-1 got correct abs:href https://playback.ru/catalog/1300.html ---
2023-04-08 15:36:31 [ForkJoinPool-4-worker-1] INFO   - --- ForkJoinPool-4-worker-1 got correct abs:href https://lenta.ru/ ---
2023-04-08 15:36:31 [ForkJoinPool-3-worker-1] INFO   - --- ForkJoinPool-3-worker-1 got correct abs:href https://skillbox.ru/sale/main/ ---
2023-04-08 15:36:32 [ForkJoinPool-6-worker-1] INFO   - --- ForkJoinPool-6-worker-1 got correct abs:href https://www.playback.ru/ ---
2023-04-08 15:36:38 [ForkJoinPool-3-worker-1] INFO   - --- add to set https://skillbox.ru/ Skillbox INDEXING ---
2023-04-08 15:36:38 [ForkJoinPool-3-worker-1] INFO   - --- ForkJoinPool-3-worker-1 got correct abs:href https://skillbox.ru/ ---
2023-04-08 15:36:43 [ForkJoinPool-4-worker-1] INFO   - --- add to set https://lenta.ru/ Лента.ру INDEXING ---
2023-04-08 15:36:43 [ForkJoinPool-4-worker-1] INFO   - --- ForkJoinPool-4-worker-1 got correct abs:href https://lenta.ru/rubrics/russia/ ---
2023-04-08 15:36:43 [ForkJoinPool-6-worker-1] INFO   - --- add to set https://www.playback.ru/ PlayBack.Ru INDEXING ---
2023-04-08 15:36:43 [ForkJoinPool-6-worker-1] INFO   - --- ForkJoinPool-6-worker-1 got correct abs:href https://www.playback.ru/basket.html ---
2023-04-08 15:37:01 [ForkJoinPool-4-worker-1] INFO   - --- add to set https://lenta.ru/ Лента.ру INDEXING ---
2023-04-08 15:37:01 [ForkJoinPool-4-worker-1] INFO   - --- ForkJoinPool-4-worker-1 got correct abs:href https://lenta.ru/rubrics/world/ ---
2023-04-08 15:37:11 [ForkJoinPool-3-worker-1] INFO   - --- add to set https://skillbox.ru/ Skillbox INDEXING ---
2023-04-08 15:37:11 [ForkJoinPool-3-worker-1] INFO   - --- ForkJoinPool-3-worker-1 got correct abs:href https://skillbox.ru/company/ ---
2023-04-08 15:37:29 [ForkJoinPool-4-worker-1] INFO   - --- add to set https://lenta.ru/ Лента.ру INDEXING ---
2023-04-08 15:37:29 [ForkJoinPool-4-worker-1] INFO   - --- ForkJoinPool-4-worker-1 got correct abs:href https://lenta.ru/rubrics/ussr/ ---
2023-04-08 15:37:55 [ForkJoinPool-6-worker-1] INFO   - --- add to set https://www.playback.ru/ PlayBack.Ru INDEXING ---
2023-04-08 15:37:55 [ForkJoinPool-6-worker-1] INFO   - --- ForkJoinPool-6-worker-1 got correct abs:href https://www.playback.ru/catalog/1511.html ---
2023-04-08 15:38:10 [ForkJoinPool-4-worker-1] INFO   - --- add to set https://lenta.ru/ Лента.ру INDEXING ---
2023-04-08 15:38:10 [ForkJoinPool-4-worker-1] INFO   - --- ForkJoinPool-4-worker-1 got correct abs:href https://lenta.ru/rubrics/economics/ ---
2023-04-08 15:38:23 [ForkJoinPool-3-worker-1] INFO   - --- add to set https://skillbox.ru/ Skillbox INDEXING ---
2023-04-08 15:38:23 [ForkJoinPool-3-worker-1] INFO   - --- ForkJoinPool-3-worker-1 got correct abs:href https://skillbox.ru/career/ ---
2023-04-08 15:38:41 [ForkJoinPool-4-worker-1] INFO   - --- add to set https://lenta.ru/ Лента.ру INDEXING ---
2023-04-08 15:38:41 [ForkJoinPool-4-worker-1] INFO   - --- ForkJoinPool-4-worker-1 got correct abs:href https://lenta.ru/rubrics/forces/ ---
2023-04-08 15:38:42 [ForkJoinPool-6-worker-1] INFO   - --- add to set https://www.playback.ru/ PlayBack.Ru INDEXING ---
2023-04-08 15:38:42 [ForkJoinPool-6-worker-1] INFO   - --- ForkJoinPool-6-worker-1 got correct abs:href https://www.playback.ru/catalog/1300.html ---
2023-04-08 15:38:53 [ForkJoinPool-4-worker-1] INFO   - --- add to set https://lenta.ru/ Лента.ру INDEXING ---
2023-04-08 15:38:53 [ForkJoinPool-4-worker-1] INFO   - --- ForkJoinPool-4-worker-1 got correct abs:href https://lenta.ru/rubrics/science/ ---
2023-04-08 15:39:00 [ForkJoinPool-3-worker-1] INFO   - --- add to set https://skillbox.ru/ Skillbox INDEXING ---
2023-04-08 15:39:00 [ForkJoinPool-3-worker-1] INFO   - --- ForkJoinPool-3-worker-1 got correct abs:href https://skillbox.ru/otzyvy/ ---
2023-04-08 15:39:17 [ForkJoinPool-4-worker-1] INFO   - --- add to set https://lenta.ru/ Лента.ру INDEXING ---
2023-04-08 15:39:17 [ForkJoinPool-4-worker-1] INFO   - --- ForkJoinPool-4-worker-1 got correct abs:href https://lenta.ru/rubrics/culture/ ---
2023-04-08 15:39:19 [ForkJoinPool-6-worker-1] INFO   - --- add to set https://www.playback.ru/ PlayBack.Ru INDEXING ---
2023-04-08 15:39:19 [ForkJoinPool-6-worker-1] INFO   - --- ForkJoinPool-6-worker-1 got correct abs:href https://www.playback.ru/catalog/1302.html ---
2023-04-08 15:39:41 [ForkJoinPool-4-worker-1] INFO   - --- add to set https://lenta.ru/ Лента.ру INDEXING ---
2023-04-08 15:39:41 [ForkJoinPool-4-worker-1] INFO   - --- ForkJoinPool-4-worker-1 got correct abs:href https://lenta.ru/rubrics/sport/ ---
2023-04-08 15:39:46 [ForkJoinPool-3-worker-1] INFO   - --- add to set https://skillbox.ru/ Skillbox INDEXING ---
2023-04-08 15:39:46 [ForkJoinPool-3-worker-1] INFO   - --- ForkJoinPool-3-worker-1 got correct abs:href https://skillbox.ru/contacts/ ---
2023-04-08 15:40:04 [ForkJoinPool-4-worker-1] INFO   - --- add to set https://lenta.ru/ Лента.ру INDEXING ---
2023-04-08 15:40:04 [ForkJoinPool-4-worker-1] INFO   - --- ForkJoinPool-4-worker-1 got correct abs:href https://lenta.ru/rubrics/media/ ---
2023-04-08 15:40:06 [ForkJoinPool-6-worker-1] INFO   - --- add to set https://www.playback.ru/ PlayBack.Ru INDEXING ---
2023-04-08 15:40:06 [ForkJoinPool-6-worker-1] INFO   - --- ForkJoinPool-6-worker-1 got correct abs:href https://www.playback.ru/catalog/1310.html ---
2023-04-08 15:40:23 [ForkJoinPool-4-worker-1] INFO   - --- add to set https://lenta.ru/ Лента.ру INDEXING ---
2023-04-08 15:40:23 [ForkJoinPool-4-worker-1] INFO   - --- ForkJoinPool-4-worker-1 got correct abs:href https://lenta.ru/rubrics/style/ ---
2023-04-08 15:40:28 [ForkJoinPool-3-worker-1] INFO   - --- add to set https://skillbox.ru/ Skillbox INDEXING ---
2023-04-08 15:40:28 [ForkJoinPool-3-worker-1] INFO   - --- ForkJoinPool-3-worker-1 got correct abs:href https://skillbox.ru/jobs/ ---
2023-04-08 15:40:46 [ForkJoinPool-4-worker-1] INFO   - --- add to set https://lenta.ru/ Лента.ру INDEXING ---
2023-04-08 15:40:46 [ForkJoinPool-4-worker-1] INFO   - --- ForkJoinPool-4-worker-1 got correct abs:href https://lenta.ru/rubrics/travel/ ---
2023-04-08 15:40:46 [ForkJoinPool-6-worker-1] INFO   - --- add to set https://www.playback.ru/ PlayBack.Ru INDEXING ---
2023-04-08 15:40:46 [ForkJoinPool-6-worker-1] INFO   - --- ForkJoinPool-6-worker-1 got correct abs:href https://www.playback.ru/catalog/1308.html ---
2023-04-08 15:41:06 [ForkJoinPool-4-worker-1] INFO   - --- add to set https://lenta.ru/ Лента.ру INDEXING ---
2023-04-08 15:41:06 [ForkJoinPool-4-worker-1] INFO   - --- ForkJoinPool-4-worker-1 got correct abs:href https://lenta.ru/rubrics/life/ ---
2023-04-08 15:41:12 [ForkJoinPool-3-worker-1] INFO   - --- add to set https://skillbox.ru/ Skillbox INDEXING ---
2023-04-08 15:41:12 [ForkJoinPool-3-worker-1] INFO   - --- ForkJoinPool-3-worker-1 got correct abs:href https://skillbox.ru/teachers/ ---
2023-04-08 15:41:34 [ForkJoinPool-4-worker-1] INFO   - --- add to set https://lenta.ru/ Лента.ру INDEXING ---
2023-04-08 15:41:34 [ForkJoinPool-4-worker-1] INFO   - --- ForkJoinPool-4-worker-1 got correct abs:href https://lenta.ru/rubrics/realty/ ---
2023-04-08 15:41:34 [ForkJoinPool-6-worker-1] INFO   - --- add to set https://www.playback.ru/ PlayBack.Ru INDEXING ---
2023-04-08 15:41:34 [ForkJoinPool-6-worker-1] INFO   - --- ForkJoinPool-6-worker-1 got correct abs:href https://www.playback.ru/catalog/1307.html ---
2023-04-08 15:42:02 [ForkJoinPool-4-worker-1] INFO   - --- add to set https://lenta.ru/ Лента.ру INDEXING ---
2023-04-08 15:42:02 [ForkJoinPool-4-worker-1] INFO   - --- ForkJoinPool-4-worker-1 got correct abs:href https://lenta.ru/rubrics/wellness/ ---
2023-04-08 15:42:08 [ForkJoinPool-3-worker-1] INFO   - --- add to set https://skillbox.ru/ Skillbox INDEXING ---
2023-04-08 15:42:08 [ForkJoinPool-3-worker-1] INFO   - --- ForkJoinPool-3-worker-1 got correct abs:href https://skillbox.ru/platform/ ---
2023-04-08 15:42:31 [ForkJoinPool-4-worker-1] INFO   - --- add to set https://lenta.ru/ Лента.ру INDEXING ---
2023-04-08 15:42:31 [ForkJoinPool-4-worker-1] INFO   - --- ForkJoinPool-4-worker-1 got correct abs:href https://lenta.ru/my/dashboard ---
2023-04-08 15:42:31 [ForkJoinPool-6-worker-1] INFO   - --- add to set https://www.playback.ru/ PlayBack.Ru INDEXING ---
2023-04-08 15:42:31 [ForkJoinPool-6-worker-1] INFO   - --- ForkJoinPool-6-worker-1 got correct abs:href https://www.playback.ru/catalog/1141.html ---
2023-04-08 15:43:23 [ForkJoinPool-4-worker-1] INFO   - --- add to set https://lenta.ru/ Лента.ру INDEXING ---
2023-04-08 15:43:23 [ForkJoinPool-4-worker-1] INFO   - --- ForkJoinPool-4-worker-1 got correct abs:href https://lenta.ru/parts/text/ ---
2023-04-08 15:43:38 [ForkJoinPool-3-worker-1] INFO   - --- add to set https://skillbox.ru/ Skillbox INDEXING ---
2023-04-08 15:43:38 [ForkJoinPool-3-worker-1] INFO   - --- ForkJoinPool-3-worker-1 got correct abs:href https://skillbox.ru/media/ ---
2023-04-08 15:44:31 [ForkJoinPool-4-worker-1] INFO   - --- add to set https://lenta.ru/ Лента.ру INDEXING ---
2023-04-08 15:44:31 [ForkJoinPool-4-worker-1] INFO   - --- ForkJoinPool-4-worker-1 got correct abs:href https://lenta.ru/parts/photo/ ---
2023-04-08 15:44:33 [ForkJoinPool-6-worker-1] INFO   - --- add to set https://www.playback.ru/ PlayBack.Ru INDEXING ---
2023-04-08 15:44:33 [ForkJoinPool-6-worker-1] INFO   - --- ForkJoinPool-6-worker-1 got correct abs:href https://www.playback.ru/catalog/1315.html ---
2023-04-08 15:45:21 [ForkJoinPool-4-worker-1] INFO   - --- add to set https://lenta.ru/ Лента.ру INDEXING ---
2023-04-08 15:45:21 [ForkJoinPool-4-worker-1] INFO   - --- ForkJoinPool-4-worker-1 got correct abs:href https://lenta.ru/parts/video/ ---
2023-04-08 15:45:41 [ForkJoinPool-3-worker-1] INFO   - --- add to set https://skillbox.ru/ Skillbox INDEXING ---
2023-04-08 15:45:41 [ForkJoinPool-3-worker-1] INFO   - --- ForkJoinPool-3-worker-1 got correct abs:href https://skillbox.ru/code/ ---
2023-04-08 15:46:18 [ForkJoinPool-4-worker-1] INFO   - --- add to set https://lenta.ru/ Лента.ру INDEXING ---
2023-04-08 15:46:18 [ForkJoinPool-4-worker-1] INFO   - --- ForkJoinPool-4-worker-1 got correct abs:href https://lenta.ru/specprojects/editor_choice/ ---
2023-04-08 15:46:30 [ForkJoinPool-6-worker-1] INFO   - --- add to set https://www.playback.ru/ PlayBack.Ru INDEXING ---
2023-04-08 15:46:30 [ForkJoinPool-6-worker-1] INFO   - --- ForkJoinPool-6-worker-1 got correct abs:href https://www.playback.ru/catalog/1329.html ---
2023-04-08 15:47:03 [ForkJoinPool-4-worker-1] INFO   - --- add to set https://lenta.ru/ Лента.ру INDEXING ---
2023-04-08 15:47:03 [ForkJoinPool-4-worker-1] INFO   - --- ForkJoinPool-4-worker-1 got correct abs:href https://lenta.ru/archive/ ---
2023-04-08 16:16:35 [ForkJoinPool-6-worker-1] INFO   - --- ForkJoinPool-6-worker-1 got correct abs:href https://www.playback.ru/ ---
2023-04-08 16:16:37 [ForkJoinPool-3-worker-1] INFO   - --- ForkJoinPool-3-worker-1 got correct abs:href https://skillbox.ru/sale/main/ ---
2023-04-08 16:16:37 [ForkJoinPool-4-worker-1] INFO   - --- ForkJoinPool-4-worker-1 got correct abs:href https://lenta.ru/ ---
2023-04-08 16:16:50 [ForkJoinPool-6-worker-1] INFO   - --- add to set https://www.playback.ru/ PlayBack.Ru INDEXING ---
2023-04-08 16:16:50 [ForkJoinPool-6-worker-1] INFO   - --- ForkJoinPool-6-worker-1 got correct abs:href https://www.playback.ru/basket.html ---
2023-04-08 16:16:56 [ForkJoinPool-4-worker-1] INFO   - --- add to set https://lenta.ru/ Лента.ру INDEXING ---
2023-04-08 16:16:56 [ForkJoinPool-4-worker-1] INFO   - --- ForkJoinPool-4-worker-1 got correct abs:href https://lenta.ru/rubrics/russia/ ---
2023-04-08 16:17:00 [ForkJoinPool-3-worker-1] INFO   - --- add to set https://skillbox.ru/ Skillbox INDEXING ---
2023-04-08 16:17:00 [ForkJoinPool-3-worker-1] INFO   - --- ForkJoinPool-3-worker-1 got correct abs:href https://skillbox.ru/ ---
2023-04-08 16:17:12 [ForkJoinPool-4-worker-1] INFO   - --- add to set https://lenta.ru/ Лента.ру INDEXING ---
2023-04-08 16:17:12 [ForkJoinPool-4-worker-1] INFO   - --- ForkJoinPool-4-worker-1 got correct abs:href https://lenta.ru/rubrics/world/ ---
2023-04-08 16:17:13 [ForkJoinPool-6-worker-1] INFO   - --- add to set https://www.playback.ru/ PlayBack.Ru INDEXING ---
2023-04-08 16:17:13 [ForkJoinPool-6-worker-1] INFO   - --- ForkJoinPool-6-worker-1 got correct abs:href https://www.playback.ru/catalog/1511.html ---
2023-04-08 16:17:24 [ForkJoinPool-4-worker-1] INFO   - --- add to set https://lenta.ru/ Лента.ру INDEXING ---
2023-04-08 16:17:24 [ForkJoinPool-4-worker-1] INFO   - --- ForkJoinPool-4-worker-1 got correct abs:href https://lenta.ru/rubrics/ussr/ ---
2023-04-08 16:17:31 [ForkJoinPool-3-worker-1] INFO   - --- add to set https://skillbox.ru/ Skillbox INDEXING ---
2023-04-08 16:17:31 [ForkJoinPool-3-worker-1] INFO   - --- ForkJoinPool-3-worker-1 got correct abs:href https://skillbox.ru/company/ ---
2023-04-08 16:17:44 [ForkJoinPool-4-worker-1] INFO   - --- add to set https://lenta.ru/ Лента.ру INDEXING ---
2023-04-08 16:17:44 [ForkJoinPool-4-worker-1] INFO   - --- ForkJoinPool-4-worker-1 got correct abs:href https://lenta.ru/rubrics/economics/ ---
2023-04-08 16:17:45 [ForkJoinPool-6-worker-1] INFO   - --- add to set https://www.playback.ru/ PlayBack.Ru INDEXING ---
2023-04-08 16:17:45 [ForkJoinPool-6-worker-1] INFO   - --- ForkJoinPool-6-worker-1 got correct abs:href https://www.playback.ru/catalog/1300.html ---
2023-04-08 16:17:56 [ForkJoinPool-4-worker-1] INFO   - --- add to set https://lenta.ru/ Лента.ру INDEXING ---
2023-04-08 16:17:56 [ForkJoinPool-4-worker-1] INFO   - --- ForkJoinPool-4-worker-1 got correct abs:href https://lenta.ru/rubrics/forces/ ---
2023-04-08 16:18:00 [ForkJoinPool-3-worker-1] INFO   - --- add to set https://skillbox.ru/ Skillbox INDEXING ---
2023-04-08 16:18:00 [ForkJoinPool-3-worker-1] INFO   - --- ForkJoinPool-3-worker-1 got correct abs:href https://skillbox.ru/career/ ---
2023-04-08 16:18:12 [ForkJoinPool-4-worker-1] INFO   - --- add to set https://lenta.ru/ Лента.ру INDEXING ---
2023-04-08 16:18:12 [ForkJoinPool-4-worker-1] INFO   - --- ForkJoinPool-4-worker-1 got correct abs:href https://lenta.ru/rubrics/science/ ---
2023-04-08 16:18:14 [ForkJoinPool-6-worker-1] INFO   - --- add to set https://www.playback.ru/ PlayBack.Ru INDEXING ---
2023-04-08 16:18:14 [ForkJoinPool-6-worker-1] INFO   - --- ForkJoinPool-6-worker-1 got correct abs:href https://www.playback.ru/catalog/1302.html ---
2023-04-08 16:18:27 [ForkJoinPool-4-worker-1] INFO   - --- add to set https://lenta.ru/ Лента.ру INDEXING ---
2023-04-08 16:18:27 [ForkJoinPool-4-worker-1] INFO   - --- ForkJoinPool-4-worker-1 got correct abs:href https://lenta.ru/rubrics/culture/ ---
2023-04-08 16:18:32 [ForkJoinPool-3-worker-1] INFO   - --- add to set https://skillbox.ru/ Skillbox INDEXING ---
2023-04-08 16:18:32 [ForkJoinPool-3-worker-1] INFO   - --- ForkJoinPool-3-worker-1 got correct abs:href https://skillbox.ru/otzyvy/ ---
2023-04-08 16:18:47 [ForkJoinPool-4-worker-1] INFO   - --- add to set https://lenta.ru/ Лента.ру INDEXING ---
2023-04-08 16:18:47 [ForkJoinPool-4-worker-1] INFO   - --- ForkJoinPool-4-worker-1 got correct abs:href https://lenta.ru/rubrics/sport/ ---
2023-04-08 16:18:47 [ForkJoinPool-6-worker-1] INFO   - --- add to set https://www.playback.ru/ PlayBack.Ru INDEXING ---
2023-04-08 16:18:47 [ForkJoinPool-6-worker-1] INFO   - --- ForkJoinPool-6-worker-1 got correct abs:href https://www.playback.ru/catalog/1310.html ---
2023-04-08 16:19:05 [ForkJoinPool-4-worker-1] INFO   - --- add to set https://lenta.ru/ Лента.ру INDEXING ---
2023-04-08 16:19:05 [ForkJoinPool-4-worker-1] INFO   - --- ForkJoinPool-4-worker-1 got correct abs:href https://lenta.ru/rubrics/media/ ---
2023-04-08 16:19:11 [ForkJoinPool-3-worker-1] INFO   - --- add to set https://skillbox.ru/ Skillbox INDEXING ---
2023-04-08 16:19:11 [ForkJoinPool-3-worker-1] INFO   - --- ForkJoinPool-3-worker-1 got correct abs:href https://skillbox.ru/contacts/ ---
2023-04-08 16:19:37 [ForkJoinPool-4-worker-1] INFO   - --- add to set https://lenta.ru/ Лента.ру INDEXING ---
2023-04-08 16:19:37 [ForkJoinPool-4-worker-1] INFO   - --- ForkJoinPool-4-worker-1 got correct abs:href https://lenta.ru/rubrics/style/ ---
2023-04-08 16:19:37 [ForkJoinPool-6-worker-1] INFO   - --- add to set https://www.playback.ru/ PlayBack.Ru INDEXING ---
2023-04-08 16:19:37 [ForkJoinPool-6-worker-1] INFO   - --- ForkJoinPool-6-worker-1 got correct abs:href https://www.playback.ru/catalog/1308.html ---
2023-04-08 16:21:02 [ForkJoinPool-4-worker-1] INFO   - --- add to set https://lenta.ru/ Лента.ру INDEXING ---
2023-04-08 16:21:02 [ForkJoinPool-4-worker-1] INFO   - --- ForkJoinPool-4-worker-1 got correct abs:href https://lenta.ru/rubrics/travel/ ---
2023-04-08 16:22:37 [ForkJoinPool-3-worker-1] INFO   - --- add to set https://skillbox.ru/ Skillbox INDEXING ---
2023-04-08 16:22:37 [ForkJoinPool-3-worker-1] INFO   - --- ForkJoinPool-3-worker-1 got correct abs:href https://skillbox.ru/jobs/ ---
2023-04-08 16:24:12 [ForkJoinPool-4-worker-1] INFO   - --- add to set https://lenta.ru/ Лента.ру INDEXING ---
2023-04-08 16:24:12 [ForkJoinPool-4-worker-1] INFO   - --- ForkJoinPool-4-worker-1 got correct abs:href https://lenta.ru/rubrics/life/ ---
2023-04-08 16:24:27 [ForkJoinPool-6-worker-1] INFO   - --- add to set https://www.playback.ru/ PlayBack.Ru INDEXING ---
2023-04-08 16:24:27 [ForkJoinPool-6-worker-1] INFO   - --- ForkJoinPool-6-worker-1 got correct abs:href https://www.playback.ru/catalog/1307.html ---
2023-04-08 16:25:08 [ForkJoinPool-4-worker-1] INFO   - --- add to set https://lenta.ru/ Лента.ру INDEXING ---
2023-04-08 16:25:08 [ForkJoinPool-4-worker-1] INFO   - --- ForkJoinPool-4-worker-1 got correct abs:href https://lenta.ru/rubrics/realty/ ---
2023-04-08 16:25:14 [ForkJoinPool-3-worker-1] INFO   - --- add to set https://skillbox.ru/ Skillbox INDEXING ---
2023-04-08 16:25:14 [ForkJoinPool-3-worker-1] INFO   - --- ForkJoinPool-3-worker-1 got correct abs:href https://skillbox.ru/teachers/ ---
2023-04-08 16:25:41 [ForkJoinPool-4-worker-1] INFO   - --- add to set https://lenta.ru/ Лента.ру INDEXING ---
2023-04-08 16:25:41 [ForkJoinPool-4-worker-1] INFO   - --- ForkJoinPool-4-worker-1 got correct abs:href https://lenta.ru/rubrics/wellness/ ---
2023-04-08 16:25:43 [ForkJoinPool-6-worker-1] INFO   - --- add to set https://www.playback.ru/ PlayBack.Ru INDEXING ---
2023-04-08 16:25:43 [ForkJoinPool-6-worker-1] INFO   - --- ForkJoinPool-6-worker-1 got correct abs:href https://www.playback.ru/catalog/1141.html ---
2023-04-08 16:29:37 [ForkJoinPool-4-worker-1] INFO   - --- add to set https://lenta.ru/ Лента.ру INDEXING ---
2023-04-08 16:29:37 [ForkJoinPool-4-worker-1] INFO   - --- ForkJoinPool-4-worker-1 got correct abs:href https://lenta.ru/my/dashboard ---
2023-04-08 16:30:08 [ForkJoinPool-3-worker-1] INFO   - --- add to set https://skillbox.ru/ Skillbox INDEXING ---
2023-04-08 16:30:08 [ForkJoinPool-3-worker-1] INFO   - --- ForkJoinPool-3-worker-1 got correct abs:href https://skillbox.ru/platform/ ---
2023-04-08 16:33:30 [ForkJoinPool-4-worker-1] INFO   - --- add to set https://lenta.ru/ Лента.ру INDEXING ---
2023-04-08 16:33:30 [ForkJoinPool-4-worker-1] INFO   - --- ForkJoinPool-4-worker-1 got correct abs:href https://lenta.ru/parts/text/ ---
2023-04-08 16:33:33 [ForkJoinPool-6-worker-1] INFO   - --- add to set https://www.playback.ru/ PlayBack.Ru INDEXING ---
2023-04-08 16:33:33 [ForkJoinPool-6-worker-1] INFO   - --- ForkJoinPool-6-worker-1 got correct abs:href https://www.playback.ru/catalog/1315.html ---
2023-04-08 16:35:51 [ForkJoinPool-4-worker-1] INFO   - --- add to set https://lenta.ru/ Лента.ру INDEXING ---
2023-04-08 16:35:51 [ForkJoinPool-4-worker-1] INFO   - --- ForkJoinPool-4-worker-1 got correct abs:href https://lenta.ru/parts/photo/ ---
2023-04-08 16:36:02 [ForkJoinPool-3-worker-1] INFO   - --- add to set https://skillbox.ru/ Skillbox INDEXING ---
2023-04-08 16:36:02 [ForkJoinPool-3-worker-1] INFO   - --- ForkJoinPool-3-worker-1 got correct abs:href https://skillbox.ru/media/ ---
2023-04-08 16:36:32 [ForkJoinPool-4-worker-1] INFO   - --- add to set https://lenta.ru/ Лента.ру INDEXING ---
2023-04-08 16:36:32 [ForkJoinPool-4-worker-1] INFO   - --- ForkJoinPool-4-worker-1 got correct abs:href https://lenta.ru/parts/video/ ---
2023-04-08 16:36:34 [ForkJoinPool-6-worker-1] INFO   - --- add to set https://www.playback.ru/ PlayBack.Ru INDEXING ---
2023-04-08 16:36:34 [ForkJoinPool-6-worker-1] INFO   - --- ForkJoinPool-6-worker-1 got correct abs:href https://www.playback.ru/catalog/1329.html ---
2023-04-08 16:37:47 [ForkJoinPool-4-worker-1] INFO   - --- add to set https://lenta.ru/ Лента.ру INDEXING ---
2023-04-08 16:37:47 [ForkJoinPool-4-worker-1] INFO   - --- ForkJoinPool-4-worker-1 got correct abs:href https://lenta.ru/specprojects/editor_choice/ ---
2023-04-08 16:37:54 [ForkJoinPool-3-worker-1] INFO   - --- add to set https://skillbox.ru/ Skillbox INDEXING ---
2023-04-08 16:37:54 [ForkJoinPool-3-worker-1] INFO   - --- ForkJoinPool-3-worker-1 got correct abs:href https://skillbox.ru/code/ ---
2023-04-08 16:40:27 [ForkJoinPool-4-worker-1] INFO   - --- add to set https://lenta.ru/ Лента.ру INDEXING ---
2023-04-08 16:40:29 [ForkJoinPool-4-worker-1] INFO   - --- ForkJoinPool-4-worker-1 got correct abs:href https://lenta.ru/archive/ ---
2023-04-08 16:40:30 [ForkJoinPool-6-worker-1] INFO   - --- add to set https://www.playback.ru/ PlayBack.Ru INDEXING ---
2023-04-08 16:40:30 [ForkJoinPool-6-worker-1] INFO   - --- ForkJoinPool-6-worker-1 got correct abs:href https://www.playback.ru/catalog/665.html ---
2023-04-08 16:41:11 [ForkJoinPool-3-worker-1] INFO   - --- add to set https://skillbox.ru/ Skillbox INDEXING ---
2023-04-08 16:41:11 [ForkJoinPool-3-worker-1] INFO   - --- ForkJoinPool-3-worker-1 got correct abs:href https://skillbox.ru/design/ ---
2023-04-08 17:35:08 [ForkJoinPool-4-worker-3] INFO   - --- ForkJoinPool-4-worker-3 got correct abs:href https://lenta.ru/archive/ ---
2023-04-08 17:35:08 [ForkJoinPool-4-worker-2] INFO   - --- ForkJoinPool-4-worker-2 got correct abs:href https://lenta.ru/archive/ ---
2023-04-08 17:35:08 [ForkJoinPool-4-worker-4] INFO   - --- ForkJoinPool-4-worker-4 got correct abs:href https://lenta.ru/archive/ ---
2023-04-08 17:35:09 [ForkJoinPool-4-worker-1] INFO   - --- ForkJoinPool-4-worker-1 got correct abs:href https://lenta.ru/archive/ ---
2023-04-08 17:47:36 [ForkJoinPool-4-worker-2] INFO   - --- add to set https://lenta.ru/ Лента.ру INDEXING ---
2023-04-08 17:47:36 [ForkJoinPool-4-worker-2] INFO   - --- ForkJoinPool-4-worker-2 got correct abs:href https://lenta.ru/rubrics/wellness/dietology/ ---
2023-04-08 17:47:38 [ForkJoinPool-4-worker-1] INFO   - --- add to set https://lenta.ru/ Лента.ру INDEXING ---
2023-04-08 17:47:38 [ForkJoinPool-4-worker-4] INFO   - --- add to set https://lenta.ru/ Лента.ру INDEXING ---
2023-04-08 17:47:38 [ForkJoinPool-4-worker-4] INFO   - --- ForkJoinPool-4-worker-4 got correct abs:href https://lenta.ru/sport/2023/04/08/football-ahmat-ural/ ---
2023-04-08 17:47:38 [ForkJoinPool-4-worker-3] INFO   - --- add to set https://lenta.ru/ Лента.ру INDEXING ---
2023-04-08 17:47:38 [ForkJoinPool-4-worker-3] INFO   - --- ForkJoinPool-4-worker-3 got correct abs:href https://lenta.ru/articles/2023/04/08/kroper/ ---
2023-04-08 17:47:41 [ForkJoinPool-4-worker-1] INFO   - --- ForkJoinPool-4-worker-1 got correct abs:href https://lenta.ru/rubrics/economics/economy/ ---
2023-04-08 17:48:27 [ForkJoinPool-6-worker-1] INFO   - --- add to set https://www.playback.ru/ PlayBack.Ru INDEXING ---
2023-04-08 17:48:27 [ForkJoinPool-6-worker-1] INFO   - --- ForkJoinPool-6-worker-1 got correct abs:href https://www.playback.ru/catalog/1304.html ---
2023-04-08 17:49:49 [ForkJoinPool-4-worker-1] INFO   - --- add to set https://lenta.ru/ Лента.ру INDEXING ---
2023-04-08 17:49:49 [ForkJoinPool-4-worker-1] INFO   - --- ForkJoinPool-4-worker-1 got correct abs:href https://lenta.ru/rubrics/economics/companies/ ---
2023-04-08 17:51:22 [ForkJoinPool-4-worker-3] INFO   - --- add to set https://lenta.ru/ Лента.ру INDEXING ---
2023-04-08 17:51:22 [ForkJoinPool-4-worker-3] INFO   - --- ForkJoinPool-4-worker-3 got correct abs:href https://lenta.ru/articles/2023/04/08/extrapolations/ ---
2023-04-08 17:56:35 [ForkJoinPool-4-worker-4] INFO   - --- add to set https://lenta.ru/ Лента.ру INDEXING ---
2023-04-08 17:56:35 [ForkJoinPool-4-worker-4] INFO   - --- ForkJoinPool-4-worker-4 got correct abs:href https://lenta.ru/sport/2023/04/08/hockey-tsska-ska/ ---
2023-04-08 17:57:42 [ForkJoinPool-4-worker-2] INFO   - --- add to set https://lenta.ru/ Лента.ру INDEXING ---
2023-04-08 17:57:42 [ForkJoinPool-4-worker-2] INFO   - --- ForkJoinPool-4-worker-2 got correct abs:href https://lenta.ru/rubrics/wellness/selfcare/ ---
2023-04-08 17:58:38 [ForkJoinPool-3-worker-1] INFO   - --- add to set https://skillbox.ru/ Skillbox INDEXING ---
2023-04-08 17:58:38 [ForkJoinPool-3-worker-1] INFO   - --- ForkJoinPool-3-worker-1 got correct abs:href https://skillbox.ru/courses/analitika/ ---
2023-04-08 18:00:09 [ForkJoinPool-4-worker-2] INFO   - --- add to set https://lenta.ru/ Лента.ру INDEXING ---
2023-04-08 18:00:09 [ForkJoinPool-4-worker-2] INFO   - --- ForkJoinPool-4-worker-2 got correct abs:href https://lenta.ru/rubrics/wellness/interior_ideas/ ---
2023-04-08 18:03:29 [ForkJoinPool-4-worker-4] INFO   - --- add to set https://lenta.ru/ Лента.ру INDEXING ---
2023-04-08 18:03:29 [ForkJoinPool-4-worker-4] INFO   - --- ForkJoinPool-4-worker-4 got correct abs:href https://lenta.ru/sport/2023/04/08/football-vulverhempton-chelsi/ ---
2023-04-08 18:05:47 [ForkJoinPool-4-worker-3] INFO   - --- add to set https://lenta.ru/ Лента.ру INDEXING ---
2023-04-08 18:05:47 [ForkJoinPool-4-worker-3] INFO   - --- ForkJoinPool-4-worker-3 got correct abs:href https://lenta.ru/articles/2023/04/08/arctic_usa_russia/ ---
2023-04-08 18:09:03 [ForkJoinPool-4-worker-1] INFO   - --- add to set https://lenta.ru/ Лента.ру INDEXING ---
2023-04-08 18:09:03 [ForkJoinPool-4-worker-1] INFO   - --- ForkJoinPool-4-worker-1 got correct abs:href https://lenta.ru/rubrics/economics/markets/ ---
2023-04-08 18:09:37 [ForkJoinPool-6-worker-1] INFO   - --- add to set https://www.playback.ru/ PlayBack.Ru INDEXING ---
2023-04-08 18:09:37 [ForkJoinPool-6-worker-1] INFO   - --- ForkJoinPool-6-worker-1 got correct abs:href https://www.playback.ru/catalog/1305.html ---
2023-04-08 18:12:11 [ForkJoinPool-4-worker-1] INFO   - --- add to set https://lenta.ru/ Лента.ру INDEXING ---
2023-04-08 18:12:11 [ForkJoinPool-4-worker-1] INFO   - --- ForkJoinPool-4-worker-1 got correct abs:href https://lenta.ru/rubrics/economics/finance/ ---
2023-04-08 18:15:07 [ForkJoinPool-4-worker-3] INFO   - --- add to set https://lenta.ru/ Лента.ру INDEXING ---
2023-04-08 18:15:07 [ForkJoinPool-4-worker-3] INFO   - --- ForkJoinPool-4-worker-3 got correct abs:href https://lenta.ru/articles/2023/04/08/lavra/ ---
2023-04-08 18:19:40 [ForkJoinPool-4-worker-4] INFO   - --- ForkJoinPool-4-worker-4 got correct abs:href https://lenta.ru/rubrics/sport/football/ ---
2023-04-08 18:21:09 [ForkJoinPool-4-worker-2] INFO   - --- add to set https://lenta.ru/ Лента.ру INDEXING ---
2023-04-08 18:21:10 [ForkJoinPool-4-worker-2] INFO   - --- ForkJoinPool-4-worker-2 got correct abs:href https://lenta.ru/rubrics/wellness/mental_health/ ---
2023-04-08 18:21:33 [ForkJoinPool-3-worker-1] INFO   - --- add to set https://skillbox.ru/ Skillbox INDEXING ---
2023-04-08 18:21:33 [ForkJoinPool-3-worker-1] INFO   - --- ForkJoinPool-3-worker-1 got correct abs:href https://skillbox.ru/marketing/ ---
2023-04-08 18:22:12 [ForkJoinPool-4-worker-2] INFO   - --- add to set https://lenta.ru/ Лента.ру INDEXING ---
2023-04-08 18:22:12 [ForkJoinPool-4-worker-2] INFO   - --- ForkJoinPool-4-worker-2 got correct abs:href https://lenta.ru/rubrics/wellness/relationships/ ---
2023-04-08 18:22:29 [ForkJoinPool-4-worker-4] INFO   - --- add to set https://lenta.ru/ Лента.ру INDEXING ---
2023-04-08 18:22:29 [ForkJoinPool-4-worker-4] INFO   - --- ForkJoinPool-4-worker-4 got correct abs:href https://lenta.ru/rubrics/sport/english/ ---
2023-04-08 18:22:50 [ForkJoinPool-4-worker-3] INFO   - --- add to set https://lenta.ru/ Лента.ру INDEXING ---
2023-04-08 18:22:50 [ForkJoinPool-4-worker-3] INFO   - --- ForkJoinPool-4-worker-3 got correct abs:href https://lenta.ru/articles/2023/04/08/umnicoin/ ---
2023-04-08 18:23:25 [ForkJoinPool-4-worker-1] INFO   - --- add to set https://lenta.ru/ Лента.ру INDEXING ---
2023-04-08 18:23:25 [ForkJoinPool-4-worker-1] INFO   - --- ForkJoinPool-4-worker-1 got correct abs:href https://lenta.ru/rubrics/economics/business_climate/ ---
2023-04-08 18:23:26 [ForkJoinPool-6-worker-1] INFO   - --- add to set https://www.playback.ru/ PlayBack.Ru INDEXING ---
2023-04-08 18:23:26 [ForkJoinPool-6-worker-1] INFO   - --- ForkJoinPool-6-worker-1 got correct abs:href https://www.playback.ru/catalog/1314.html ---
2023-04-08 18:23:41 [ForkJoinPool-4-worker-1] INFO   - --- add to set https://lenta.ru/ Лента.ру INDEXING ---
2023-04-08 18:23:41 [ForkJoinPool-4-worker-1] INFO   - --- ForkJoinPool-4-worker-1 got correct abs:href https://lenta.ru/rubrics/economics/social/ ---
2023-04-08 18:23:52 [ForkJoinPool-4-worker-3] INFO   - --- add to set https://lenta.ru/ Лента.ру INDEXING ---
2023-04-08 18:23:52 [ForkJoinPool-4-worker-3] INFO   - --- ForkJoinPool-4-worker-3 got correct abs:href https://lenta.ru/extlink/2023/04/06/kuda_shodit_s_rebenkom_v_moskve/ ---
2023-04-08 18:24:13 [ForkJoinPool-4-worker-4] INFO   - --- add to set https://lenta.ru/ Лента.ру INDEXING ---
2023-04-08 18:24:13 [ForkJoinPool-4-worker-4] INFO   - --- ForkJoinPool-4-worker-4 got correct abs:href https://lenta.ru/rubrics/sport/boxing/ ---
2023-04-08 18:24:52 [ForkJoinPool-4-worker-2] INFO   - --- add to set https://lenta.ru/ Лента.ру INDEXING ---
2023-04-08 18:24:52 [ForkJoinPool-4-worker-2] INFO   - --- ForkJoinPool-4-worker-2 got correct abs:href https://lenta.ru/articles/2023/04/06/obostrenie/ ---
2023-04-08 18:25:06 [ForkJoinPool-3-worker-1] INFO   - --- add to set https://skillbox.ru/ Skillbox INDEXING ---
2023-04-08 18:25:06 [ForkJoinPool-3-worker-1] INFO   - --- ForkJoinPool-3-worker-1 got correct abs:href https://skillbox.ru/management/ ---
2023-04-08 18:25:44 [ForkJoinPool-4-worker-2] INFO   - --- add to set https://lenta.ru/ Лента.ру INDEXING ---
2023-04-08 18:25:44 [ForkJoinPool-4-worker-2] INFO   - --- ForkJoinPool-4-worker-2 got correct abs:href https://lenta.ru/articles/2023/04/02/witherspoon/ ---
2023-04-08 18:26:14 [ForkJoinPool-4-worker-4] INFO   - --- add to set https://lenta.ru/ Лента.ру INDEXING ---
2023-04-08 18:26:14 [ForkJoinPool-4-worker-4] INFO   - --- ForkJoinPool-4-worker-4 got correct abs:href https://lenta.ru/rubrics/sport/winter/ ---
2023-04-08 18:26:48 [ForkJoinPool-4-worker-3] INFO   - --- add to set https://lenta.ru/ Лента.ру INDEXING ---
2023-04-08 18:26:48 [ForkJoinPool-4-worker-3] INFO   - --- ForkJoinPool-4-worker-3 got correct abs:href https://lenta.ru/articles/2023/04/07/lymphoma/ ---
2023-04-08 18:27:34 [ForkJoinPool-4-worker-1] INFO   - --- add to set https://lenta.ru/ Лента.ру INDEXING ---
2023-04-08 18:27:34 [ForkJoinPool-4-worker-1] INFO   - --- ForkJoinPool-4-worker-1 got correct abs:href https://lenta.ru/rubrics/economics/crypto/ ---
2023-04-08 18:27:35 [ForkJoinPool-6-worker-1] INFO   - --- add to set https://www.playback.ru/ PlayBack.Ru INDEXING ---
2023-04-08 18:27:35 [ForkJoinPool-6-worker-1] INFO   - --- ForkJoinPool-6-worker-1 got correct abs:href https://www.playback.ru/catalog/805.html ---
2023-04-08 18:27:54 [ForkJoinPool-4-worker-1] INFO   - --- add to set https://lenta.ru/ Лента.ру INDEXING ---
2023-04-08 18:27:54 [ForkJoinPool-4-worker-1] INFO   - --- ForkJoinPool-4-worker-1 got correct abs:href https://lenta.ru/rubrics/economics/investments/ ---
2023-04-08 18:28:06 [ForkJoinPool-4-worker-3] INFO   - --- add to set https://lenta.ru/ Лента.ру INDEXING ---
2023-04-08 18:28:06 [ForkJoinPool-4-worker-3] INFO   - --- ForkJoinPool-4-worker-3 got correct abs:href https://lenta.ru/articles/2023/04/07/lionelkontrakt/ ---
2023-04-08 18:28:18 [ForkJoinPool-4-worker-4] INFO   - --- add to set https://lenta.ru/ Лента.ру INDEXING ---
2023-04-08 18:28:18 [ForkJoinPool-4-worker-4] INFO   - --- ForkJoinPool-4-worker-4 got correct abs:href https://lenta.ru/rubrics/sport/other/ ---
2023-04-08 18:28:38 [ForkJoinPool-4-worker-2] INFO   - --- add to set https://lenta.ru/ Лента.ру INDEXING ---
2023-04-08 18:28:38 [ForkJoinPool-4-worker-2] INFO   - --- ForkJoinPool-4-worker-2 got correct abs:href https://lenta.ru/news/2023/04/07/cold/ ---
2023-04-08 18:28:50 [ForkJoinPool-3-worker-1] INFO   - --- add to set https://skillbox.ru/ Skillbox INDEXING ---
2023-04-08 18:28:50 [ForkJoinPool-3-worker-1] INFO   - --- ForkJoinPool-3-worker-1 got correct abs:href https://skillbox.ru/courses/finansy/ ---
2023-04-08 18:29:08 [ForkJoinPool-4-worker-2] INFO   - --- add to set https://lenta.ru/ Лента.ру INDEXING ---
2023-04-08 18:29:08 [ForkJoinPool-4-worker-2] INFO   - --- ForkJoinPool-4-worker-2 got correct abs:href https://lenta.ru/news/2023/04/07/food/ ---
2023-04-08 18:29:19 [ForkJoinPool-4-worker-4] INFO   - --- add to set https://lenta.ru/ Лента.ру INDEXING ---
2023-04-08 18:29:19 [ForkJoinPool-4-worker-4] INFO   - --- ForkJoinPool-4-worker-4 got correct abs:href https://lenta.ru/rubrics/sport/hockey/ ---
2023-04-08 18:29:42 [ForkJoinPool-4-worker-3] INFO   - --- add to set https://lenta.ru/ Лента.ру INDEXING ---
2023-04-08 18:29:42 [ForkJoinPool-4-worker-3] INFO   - --- ForkJoinPool-4-worker-3 got correct abs:href https://lenta.ru/articles/2023/04/07/king_and_joker/ ---
2023-04-08 18:30:23 [ForkJoinPool-4-worker-1] INFO   - --- add to set https://lenta.ru/ Лента.ру INDEXING ---
2023-04-08 18:30:23 [ForkJoinPool-4-worker-1] INFO   - --- ForkJoinPool-4-worker-1 got correct abs:href https://lenta.ru/articles/2023/04/07/cnvnk/ ---
2023-04-08 18:30:25 [ForkJoinPool-6-worker-1] INFO   - --- add to set https://www.playback.ru/ PlayBack.Ru INDEXING ---
2023-04-08 18:30:25 [ForkJoinPool-6-worker-1] INFO   - --- ForkJoinPool-6-worker-1 got correct abs:href https://www.playback.ru/catalog/1311.html ---
2023-04-08 18:30:52 [ForkJoinPool-4-worker-1] INFO   - --- add to set https://lenta.ru/ Лента.ру INDEXING ---
2023-04-08 18:30:52 [ForkJoinPool-4-worker-1] INFO   - --- ForkJoinPool-4-worker-1 got correct abs:href https://lenta.ru/news/2023/04/08/turkey_gas/ ---
2023-04-08 18:31:08 [ForkJoinPool-4-worker-3] INFO   - --- add to set https://lenta.ru/ Лента.ру INDEXING ---
2023-04-08 18:31:08 [ForkJoinPool-4-worker-3] INFO   - --- ForkJoinPool-4-worker-3 got correct abs:href https://lenta.ru/articles/2023/04/07/avizoo/ ---
2023-04-08 18:31:20 [ForkJoinPool-4-worker-4] INFO   - --- add to set https://lenta.ru/ Лента.ру INDEXING ---
2023-04-08 18:31:20 [ForkJoinPool-4-worker-4] INFO   - --- ForkJoinPool-4-worker-4 got correct abs:href https://lenta.ru/rubrics/sport/auto/ ---
2023-04-08 18:31:39 [ForkJoinPool-4-worker-2] INFO   - --- add to set https://lenta.ru/ Лента.ру INDEXING ---
2023-04-08 18:31:39 [ForkJoinPool-4-worker-2] INFO   - --- ForkJoinPool-4-worker-2 got correct abs:href https://lenta.ru/news/2023/04/07/diction/ ---
2023-04-08 18:37:35 [ForkJoinPool-3-worker-1] INFO   - --- add to set https://skillbox.ru/ Skillbox INDEXING ---
2023-04-08 18:37:35 [ForkJoinPool-3-worker-1] INFO   - --- ForkJoinPool-3-worker-1 got correct abs:href https://skillbox.ru/games/ ---
2023-04-08 18:38:28 [ForkJoinPool-4-worker-2] INFO   - --- add to set https://lenta.ru/ Лента.ру INDEXING ---
2023-04-08 18:38:28 [ForkJoinPool-4-worker-2] INFO   - --- ForkJoinPool-4-worker-2 got correct abs:href https://lenta.ru/news/2023/04/07/music/ ---
2023-04-08 18:39:10 [ForkJoinPool-4-worker-4] INFO   - --- add to set https://lenta.ru/ Лента.ру INDEXING ---
2023-04-08 18:39:10 [ForkJoinPool-4-worker-4] INFO   - --- ForkJoinPool-4-worker-4 got correct abs:href https://lenta.ru/rubrics/sport/olympiad/ ---
2023-04-08 18:39:40 [ForkJoinPool-4-worker-3] INFO   - --- add to set https://lenta.ru/ Лента.ру INDEXING ---
2023-04-08 18:39:40 [ForkJoinPool-4-worker-3] INFO   - --- ForkJoinPool-4-worker-3 got correct abs:href https://lenta.ru/articles/2023/04/07/zemsky_sobor_1613/ ---
2023-04-08 18:41:01 [ForkJoinPool-4-worker-1] INFO   - --- add to set https://lenta.ru/ Лента.ру INDEXING ---
2023-04-08 18:41:01 [ForkJoinPool-4-worker-1] INFO   - --- ForkJoinPool-4-worker-1 got correct abs:href https://lenta.ru/news/2023/04/08/gazprom_ukraine/ ---
2023-04-08 18:41:03 [ForkJoinPool-6-worker-1] INFO   - --- add to set https://www.playback.ru/ PlayBack.Ru INDEXING ---
2023-04-08 18:41:03 [ForkJoinPool-6-worker-1] INFO   - --- ForkJoinPool-6-worker-1 got correct abs:href https://www.playback.ru/catalog/1317.html ---
2023-04-08 18:41:35 [ForkJoinPool-4-worker-1] INFO   - --- add to set https://lenta.ru/ Лента.ру INDEXING ---
2023-04-08 18:41:35 [ForkJoinPool-4-worker-1] INFO   - --- ForkJoinPool-4-worker-1 got correct abs:href https://lenta.ru/news/2023/04/08/nwelpzd/ ---
2023-04-08 18:41:52 [ForkJoinPool-4-worker-3] INFO   - --- add to set https://lenta.ru/ Лента.ру INDEXING ---
2023-04-08 18:41:52 [ForkJoinPool-4-worker-3] INFO   - --- ForkJoinPool-4-worker-3 got correct abs:href https://lenta.ru/articles/2023/04/06/zpthks/ ---
2023-04-08 18:42:10 [ForkJoinPool-4-worker-4] INFO   - --- add to set https://lenta.ru/ Лента.ру INDEXING ---
2023-04-08 18:42:10 [ForkJoinPool-4-worker-4] INFO   - --- ForkJoinPool-4-worker-4 got correct abs:href https://lenta.ru/rubrics/sport/fitness/ ---
2023-04-08 18:42:35 [ForkJoinPool-4-worker-2] INFO   - --- add to set https://lenta.ru/ Лента.ру INDEXING ---
2023-04-08 18:42:35 [ForkJoinPool-4-worker-2] INFO   - --- ForkJoinPool-4-worker-2 got correct abs:href https://lenta.ru/news/2023/04/07/johansson/ ---
2023-04-08 18:42:45 [ForkJoinPool-3-worker-1] INFO   - --- add to set https://skillbox.ru/ Skillbox INDEXING ---
2023-04-08 18:42:45 [ForkJoinPool-3-worker-1] INFO   - --- ForkJoinPool-3-worker-1 got correct abs:href https://skillbox.ru/multimedia/ ---
2023-04-08 18:43:11 [ForkJoinPool-4-worker-2] INFO   - --- add to set https://lenta.ru/ Лента.ру INDEXING ---
2023-04-08 18:43:11 [ForkJoinPool-4-worker-2] INFO   - --- ForkJoinPool-4-worker-2 got correct abs:href https://lenta.ru/news/2023/04/07/dentist/ ---
2023-04-08 18:43:26 [ForkJoinPool-4-worker-4] INFO   - --- add to set https://lenta.ru/ Лента.ру INDEXING ---
2023-04-08 18:43:26 [ForkJoinPool-4-worker-4] INFO   - --- ForkJoinPool-4-worker-4 got correct abs:href https://lenta.ru/sport/2023/04/08/football-vulverhempton-chelsi/ ---
2023-04-08 18:43:27 [ForkJoinPool-4-worker-4] INFO   - --- add to set https://lenta.ru/ Лента.ру INDEXING ---
2023-04-08 18:43:27 [ForkJoinPool-4-worker-4] INFO   - --- ForkJoinPool-4-worker-4 got correct abs:href https://lenta.ru/sport/2023/04/08/football-tottenhem-hotspur-brayton-end-houv-albion/ ---
2023-04-08 18:44:11 [ForkJoinPool-4-worker-3] INFO   - --- add to set https://lenta.ru/ Лента.ру INDEXING ---
2023-04-08 18:44:11 [ForkJoinPool-4-worker-3] INFO   - --- ForkJoinPool-4-worker-3 got correct abs:href https://lenta.ru/articles/2023/04/06/neiro/ ---
2023-04-08 18:45:01 [ForkJoinPool-4-worker-1] INFO   - --- add to set https://lenta.ru/ Лента.ру INDEXING ---
2023-04-08 18:45:01 [ForkJoinPool-4-worker-1] INFO   - --- ForkJoinPool-4-worker-1 got correct abs:href https://lenta.ru/news/2023/04/08/elon_musk/ ---
2023-04-08 18:45:05 [ForkJoinPool-6-worker-1] INFO   - --- add to set https://www.playback.ru/ PlayBack.Ru INDEXING ---
2023-04-08 18:45:05 [ForkJoinPool-6-worker-1] INFO   - --- ForkJoinPool-6-worker-1 got correct abs:href https://www.playback.ru/catalog/1318.html ---
2023-04-08 18:45:30 [ForkJoinPool-4-worker-1] INFO   - --- add to set https://lenta.ru/ Лента.ру INDEXING ---
2023-04-08 18:45:30 [ForkJoinPool-4-worker-1] INFO   - --- ForkJoinPool-4-worker-1 got correct abs:href https://lenta.ru/news/2022/08/12/bank/ ---
2023-04-08 18:45:49 [ForkJoinPool-4-worker-3] INFO   - --- add to set https://lenta.ru/ Лента.ру INDEXING ---
2023-04-08 18:45:49 [ForkJoinPool-4-worker-3] INFO   - --- ForkJoinPool-4-worker-3 got correct abs:href https://lenta.ru/articles/2023/04/06/health/ ---
2023-04-08 18:46:29 [ForkJoinPool-4-worker-4] INFO   - --- add to set https://lenta.ru/ Лента.ру INDEXING ---
2023-04-08 18:46:29 [ForkJoinPool-4-worker-4] INFO   - --- ForkJoinPool-4-worker-4 got correct abs:href https://lenta.ru/sport/2023/04/08/football-atalanta-bolonya/ ---
2023-04-08 18:47:19 [ForkJoinPool-4-worker-2] INFO   - --- add to set https://lenta.ru/ Лента.ру INDEXING ---
2023-04-08 18:47:19 [ForkJoinPool-4-worker-2] INFO   - --- ForkJoinPool-4-worker-2 got correct abs:href https://lenta.ru/articles/2023/03/29/allergy/ ---
2023-04-08 18:47:52 [ForkJoinPool-3-worker-1] INFO   - --- add to set https://skillbox.ru/ Skillbox INDEXING ---
2023-04-08 18:47:52 [ForkJoinPool-3-worker-1] INFO   - --- ForkJoinPool-3-worker-1 got correct abs:href https://skillbox.ru/courses/marketpleisy/ ---
2023-04-08 18:50:40 [ForkJoinPool-4-worker-2] INFO   - --- add to set https://lenta.ru/ Лента.ру INDEXING ---
2023-04-08 18:50:40 [ForkJoinPool-4-worker-2] INFO   - --- ForkJoinPool-4-worker-2 got correct abs:href https://lenta.ru/articles/2023/03/26/paltrow/ ---
2023-04-08 18:51:09 [ForkJoinPool-4-worker-4] INFO   - --- add to set https://lenta.ru/ Лента.ру INDEXING ---
2023-04-08 18:51:09 [ForkJoinPool-4-worker-4] INFO   - --- ForkJoinPool-4-worker-4 got correct abs:href https://lenta.ru/sport/2023/04/08/football-sautgempton-manchester-siti/ ---
2023-04-08 18:51:27 [ForkJoinPool-4-worker-3] INFO   - --- add to set https://lenta.ru/ Лента.ру INDEXING ---
2023-04-08 18:51:27 [ForkJoinPool-4-worker-3] INFO   - --- ForkJoinPool-4-worker-3 got correct abs:href https://lenta.ru/parts/text/2/ ---
2023-04-08 18:52:02 [ForkJoinPool-4-worker-1] INFO   - --- add to set https://lenta.ru/ Лента.ру INDEXING ---
2023-04-08 18:52:02 [ForkJoinPool-4-worker-1] INFO   - --- ForkJoinPool-4-worker-1 got correct abs:href https://lenta.ru/news/2023/04/08/gaz_tur/ ---
2023-04-08 18:52:07 [ForkJoinPool-6-worker-1] INFO   - --- add to set https://www.playback.ru/ PlayBack.Ru INDEXING ---
2023-04-08 18:52:07 [ForkJoinPool-6-worker-1] INFO   - --- ForkJoinPool-6-worker-1 got correct abs:href https://www.playback.ru/catalog/1412.html ---
2023-04-08 18:56:36 [ForkJoinPool-4-worker-1] INFO   - --- add to set https://lenta.ru/ Лента.ру INDEXING ---
2023-04-08 18:56:36 [ForkJoinPool-4-worker-1] INFO   - --- ForkJoinPool-4-worker-1 got correct abs:href https://lenta.ru/articles/2023/03/31/credsui/ ---
2023-04-08 19:04:24 [ForkJoinPool-4-worker-3] INFO   - --- add to set https://lenta.ru/ Лента.ру INDEXING ---
2023-04-08 19:04:24 [ForkJoinPool-4-worker-3] INFO   - --- ForkJoinPool-4-worker-3 got correct abs:href https://lenta.ru/news/2023/04/08/war_zone/ ---
2023-04-08 19:06:05 [ForkJoinPool-4-worker-4] INFO   - --- add to set https://lenta.ru/ Лента.ру INDEXING ---
2023-04-08 19:06:05 [ForkJoinPool-4-worker-4] INFO   - --- ForkJoinPool-4-worker-4 got correct abs:href https://lenta.ru/sport/2023/04/08/football-latsio-yuventus/ ---
2023-04-08 19:06:55 [ForkJoinPool-4-worker-2] INFO   - --- add to set https://lenta.ru/ Лента.ру INDEXING ---
2023-04-08 19:06:55 [ForkJoinPool-4-worker-2] INFO   - --- ForkJoinPool-4-worker-2 got correct abs:href https://lenta.ru/news/2023/04/07/young_face/ ---
2023-04-08 19:08:10 [ForkJoinPool-3-worker-1] INFO   - --- add to set https://skillbox.ru/ Skillbox INDEXING ---
2023-04-08 19:08:10 [ForkJoinPool-3-worker-1] INFO   - --- ForkJoinPool-3-worker-1 got correct abs:href https://skillbox.ru/engineering/ ---
2023-04-08 19:10:09 [ForkJoinPool-4-worker-2] INFO   - --- add to set https://lenta.ru/ Лента.ру INDEXING ---
2023-04-08 19:10:25 [ForkJoinPool-4-worker-2] INFO   - --- ForkJoinPool-4-worker-2 got correct abs:href https://lenta.ru/news/2023/04/07/vapes/ ---
2023-04-08 19:11:25 [ForkJoinPool-4-worker-4] INFO   - --- add to set https://lenta.ru/ Лента.ру INDEXING ---
2023-04-08 19:11:25 [ForkJoinPool-4-worker-4] INFO   - --- ForkJoinPool-4-worker-4 got correct abs:href https://lenta.ru/2023/04/08/ ---
2023-04-08 19:12:39 [ForkJoinPool-4-worker-3] INFO   - --- add to set https://lenta.ru/ Лента.ру INDEXING ---
2023-04-08 19:12:39 [ForkJoinPool-4-worker-3] INFO   - --- ForkJoinPool-4-worker-3 got correct abs:href https://lenta.ru/news/2023/04/08/nacbez_ch/ ---
2023-04-08 19:14:06 [ForkJoinPool-4-worker-1] INFO   - --- add to set https://lenta.ru/ Лента.ру INDEXING ---
2023-04-08 19:14:06 [ForkJoinPool-4-worker-1] INFO   - --- ForkJoinPool-4-worker-1 got correct abs:href https://lenta.ru/articles/2023/03/22/infi/ ---
2023-04-08 19:14:28 [ForkJoinPool-6-worker-1] INFO   - --- add to set https://www.playback.ru/ PlayBack.Ru INDEXING ---
2023-04-08 19:14:28 [ForkJoinPool-6-worker-1] INFO   - --- ForkJoinPool-6-worker-1 got correct abs:href https://www.playback.ru/catalog/1429.html ---
2023-04-08 19:18:59 [ForkJoinPool-4-worker-1] INFO   - --- add to set https://lenta.ru/ Лента.ру INDEXING ---
2023-04-08 19:18:59 [ForkJoinPool-4-worker-1] INFO   - --- ForkJoinPool-4-worker-1 got correct abs:href https://lenta.ru/news/2023/04/08/boom/ ---
2023-04-08 19:22:16 [ForkJoinPool-4-worker-3] INFO   - --- add to set https://lenta.ru/ Лента.ру INDEXING ---
2023-04-08 19:22:16 [ForkJoinPool-4-worker-3] INFO   - --- ForkJoinPool-4-worker-3 got correct abs:href https://lenta.ru/news/2023/04/08/nehvatka/ ---
2023-04-08 19:24:14 [ForkJoinPool-4-worker-4] INFO   - --- add to set https://lenta.ru/ Лента.ру INDEXING ---
2023-04-08 19:24:14 [ForkJoinPool-4-worker-4] INFO   - --- ForkJoinPool-4-worker-4 got correct abs:href https://lenta.ru/news/2023/04/08/nehvatka/ ---
2023-04-08 19:24:19 [ForkJoinPool-4-worker-4] INFO   - --- add to set https://lenta.ru/ Лента.ру INDEXING ---
2023-04-08 19:24:19 [ForkJoinPool-4-worker-4] INFO   - --- ForkJoinPool-4-worker-4 got correct abs:href https://lenta.ru/news/2023/04/08/obmen/ ---
2023-04-08 19:26:07 [ForkJoinPool-4-worker-2] INFO   - --- add to set https://lenta.ru/ Лента.ру INDEXING ---
2023-04-08 19:26:07 [ForkJoinPool-4-worker-2] INFO   - --- ForkJoinPool-4-worker-2 got correct abs:href https://lenta.ru/news/2023/04/07/toxic/ ---
2023-04-08 19:26:21 [ForkJoinPool-3-worker-1] INFO   - --- add to set https://skillbox.ru/ Skillbox INDEXING ---
2023-04-08 19:26:21 [ForkJoinPool-3-worker-1] INFO   - --- ForkJoinPool-3-worker-1 got correct abs:href https://skillbox.ru/psychology/ ---
2023-04-08 19:27:13 [ForkJoinPool-4-worker-2] INFO   - --- add to set https://lenta.ru/ Лента.ру INDEXING ---
2023-04-08 19:27:13 [ForkJoinPool-4-worker-2] INFO   - --- ForkJoinPool-4-worker-2 got correct abs:href https://lenta.ru/news/2023/04/07/bruising_under_the_eyes/ ---
2023-04-08 19:27:36 [ForkJoinPool-4-worker-4] INFO   - --- add to set https://lenta.ru/ Лента.ру INDEXING ---
2023-04-08 19:27:36 [ForkJoinPool-4-worker-4] INFO   - --- ForkJoinPool-4-worker-4 got correct abs:href https://lenta.ru/news/2023/04/08/cheferin_resume/ ---
2023-04-08 19:27:55 [ForkJoinPool-4-worker-3] INFO   - --- add to set https://lenta.ru/ Лента.ру INDEXING ---
2023-04-08 19:27:55 [ForkJoinPool-4-worker-3] INFO   - --- ForkJoinPool-4-worker-3 got correct abs:href https://lenta.ru/news/2023/04/08/basta_sanctions/ ---
2023-04-08 19:28:31 [ForkJoinPool-4-worker-1] INFO   - --- add to set https://lenta.ru/ Лента.ру INDEXING ---
2023-04-08 19:28:31 [ForkJoinPool-4-worker-1] INFO   - --- ForkJoinPool-4-worker-1 got correct abs:href https://lenta.ru/news/2023/04/08/ugol_ugol/ ---
2023-04-08 19:28:32 [ForkJoinPool-6-worker-1] INFO   - --- add to set https://www.playback.ru/ PlayBack.Ru INDEXING ---
2023-04-08 19:28:32 [ForkJoinPool-6-worker-1] INFO   - --- ForkJoinPool-6-worker-1 got correct abs:href https://www.playback.ru/catalog/1473.html ---
2023-04-08 19:29:02 [ForkJoinPool-4-worker-1] INFO   - --- add to set https://lenta.ru/ Лента.ру INDEXING ---
2023-04-08 19:29:02 [ForkJoinPool-4-worker-1] INFO   - --- ForkJoinPool-4-worker-1 got correct abs:href https://lenta.ru/news/2023/04/08/monopolia/ ---
2023-04-08 19:29:31 [ForkJoinPool-4-worker-3] INFO   - --- add to set https://lenta.ru/ Лента.ру INDEXING ---
2023-04-08 19:29:31 [ForkJoinPool-4-worker-3] INFO   - --- ForkJoinPool-4-worker-3 got correct abs:href https://lenta.ru/news/2023/04/08/akinfeev/ ---
2023-04-08 19:29:50 [ForkJoinPool-4-worker-4] INFO   - --- add to set https://lenta.ru/ Лента.ру INDEXING ---
2023-04-08 19:29:50 [ForkJoinPool-4-worker-4] INFO   - --- ForkJoinPool-4-worker-4 got correct abs:href https://lenta.ru/news/2023/04/08/berluskoni_health/ ---
2023-04-08 19:30:36 [ForkJoinPool-4-worker-2] INFO   - --- add to set https://lenta.ru/ Лента.ру INDEXING ---
2023-04-08 19:30:36 [ForkJoinPool-4-worker-2] INFO   - --- ForkJoinPool-4-worker-2 got correct abs:href https://lenta.ru/news/2023/04/07/sleep/ ---
2023-04-08 19:30:53 [ForkJoinPool-3-worker-1] INFO   - --- add to set https://skillbox.ru/ Skillbox INDEXING ---
2023-04-08 19:30:53 [ForkJoinPool-3-worker-1] INFO   - --- ForkJoinPool-3-worker-1 got correct abs:href https://skillbox.ru/english/ ---
2023-04-08 19:31:23 [ForkJoinPool-4-worker-2] INFO   - --- add to set https://lenta.ru/ Лента.ру INDEXING ---
2023-04-08 19:31:23 [ForkJoinPool-4-worker-2] INFO   - --- ForkJoinPool-4-worker-2 got correct abs:href https://lenta.ru/news/2023/04/07/guiltysecrets/ ---
2023-04-08 19:31:57 [ForkJoinPool-4-worker-4] INFO   - --- add to set https://lenta.ru/ Лента.ру INDEXING ---
2023-04-08 19:31:57 [ForkJoinPool-4-worker-4] INFO   - --- ForkJoinPool-4-worker-4 got correct abs:href https://lenta.ru/news/2023/04/08/gladkov_vsu/ ---
2023-04-08 19:32:17 [ForkJoinPool-4-worker-3] INFO   - --- add to set https://lenta.ru/ Лента.ру INDEXING ---
2023-04-08 19:32:17 [ForkJoinPool-4-worker-3] INFO   - --- ForkJoinPool-4-worker-3 got correct abs:href https://lenta.ru/news/2023/04/08/lavra_future/ ---
2023-04-08 19:32:52 [ForkJoinPool-4-worker-1] INFO   - --- add to set https://lenta.ru/ Лента.ру INDEXING ---
2023-04-08 19:32:52 [ForkJoinPool-4-worker-1] INFO   - --- ForkJoinPool-4-worker-1 got correct abs:href https://lenta.ru/news/2023/04/08/dohod/ ---
2023-04-08 19:32:55 [ForkJoinPool-6-worker-1] INFO   - --- add to set https://www.playback.ru/ PlayBack.Ru INDEXING ---
2023-04-08 19:32:55 [ForkJoinPool-6-worker-1] INFO   - --- ForkJoinPool-6-worker-1 got correct abs:href https://www.playback.ru/catalog/1507.html ---
2023-04-08 19:33:14 [ForkJoinPool-4-worker-3] INFO   - --- add to set https://lenta.ru/ Лента.ру INDEXING ---
2023-04-08 19:33:14 [ForkJoinPool-4-worker-3] INFO   - --- ForkJoinPool-4-worker-3 got correct abs:href https://lenta.ru/news/2023/04/08/marinka_rv/ ---
2023-04-08 19:33:34 [ForkJoinPool-4-worker-4] INFO   - --- add to set https://lenta.ru/ Лента.ру INDEXING ---
2023-04-08 19:33:34 [ForkJoinPool-4-worker-4] INFO   - --- ForkJoinPool-4-worker-4 got correct abs:href https://lenta.ru/news/2023/04/08/uop/ ---
2023-04-08 19:34:32 [ForkJoinPool-4-worker-2] INFO   - --- add to set https://lenta.ru/ Лента.ру INDEXING ---
2023-04-08 19:34:32 [ForkJoinPool-4-worker-2] INFO   - --- ForkJoinPool-4-worker-2 got correct abs:href https://lenta.ru/articles/2023/03/24/depression/ ---
2023-04-08 19:35:23 [ForkJoinPool-3-worker-1] INFO   - --- add to set https://skillbox.ru/ Skillbox INDEXING ---
2023-04-08 19:35:23 [ForkJoinPool-3-worker-1] INFO   - --- ForkJoinPool-3-worker-1 got correct abs:href https://skillbox.ru/courses/ ---
2023-04-08 19:36:28 [ForkJoinPool-4-worker-2] INFO   - --- add to set https://lenta.ru/ Лента.ру INDEXING ---
2023-04-08 19:36:28 [ForkJoinPool-4-worker-2] INFO   - --- ForkJoinPool-4-worker-2 got correct abs:href https://lenta.ru/news/2023/04/07/love/ ---
2023-04-08 19:37:22 [ForkJoinPool-4-worker-4] INFO   - --- add to set https://lenta.ru/ Лента.ру INDEXING ---
2023-04-08 19:37:22 [ForkJoinPool-4-worker-4] INFO   - --- ForkJoinPool-4-worker-4 got correct abs:href https://lenta.ru/news/2023/04/08/krnkpik/ ---
2023-04-08 19:38:09 [ForkJoinPool-4-worker-3] INFO   - --- add to set https://lenta.ru/ Лента.ру INDEXING ---
2023-04-08 19:38:09 [ForkJoinPool-4-worker-3] INFO   - --- ForkJoinPool-4-worker-3 got correct abs:href https://lenta.ru/news/2023/04/08/morning_exercises/ ---
2023-04-08 19:38:13 [ForkJoinPool-6-worker-1] INFO   - --- add to set https://www.playback.ru/ PlayBack.Ru INDEXING ---
2023-04-08 19:38:13 [ForkJoinPool-6-worker-1] INFO   - --- ForkJoinPool-6-worker-1 got correct abs:href https://www.playback.ru/catalog/1508.html ---
2023-04-08 19:39:56 [ForkJoinPool-4-worker-1] INFO   - --- add to set https://lenta.ru/ Лента.ру INDEXING ---
2023-04-08 19:39:56 [ForkJoinPool-4-worker-1] INFO   - --- ForkJoinPool-4-worker-1 got correct abs:href https://lenta.ru/news/2023/04/08/kanal/ ---
2023-04-08 19:40:02 [ForkJoinPool-6-worker-1] INFO   - --- add to set https://www.playback.ru/ PlayBack.Ru INDEXING ---
2023-04-08 19:40:02 [ForkJoinPool-6-worker-1] INFO   - --- ForkJoinPool-6-worker-1 got correct abs:href https://www.playback.ru/catalog/18.html ---
2023-04-08 19:40:49 [ForkJoinPool-4-worker-3] INFO   - --- add to set https://lenta.ru/ Лента.ру INDEXING ---
2023-04-08 19:40:49 [ForkJoinPool-4-worker-3] INFO   - --- ForkJoinPool-4-worker-3 got correct abs:href https://lenta.ru/news/2023/04/08/fbi/ ---
2023-04-08 19:41:11 [ForkJoinPool-4-worker-4] INFO   - --- add to set https://lenta.ru/ Лента.ру INDEXING ---
2023-04-08 19:41:11 [ForkJoinPool-4-worker-4] INFO   - --- ForkJoinPool-4-worker-4 got correct abs:href https://lenta.ru/parts/news/ ---
2023-04-08 19:41:50 [ForkJoinPool-4-worker-2] INFO   - --- add to set https://lenta.ru/ Лента.ру INDEXING ---
2023-04-08 19:41:50 [ForkJoinPool-4-worker-2] INFO   - --- ForkJoinPool-4-worker-2 got correct abs:href https://lenta.ru/articles/2023/03/17/velikiypost/ ---
2023-04-08 19:42:05 [ForkJoinPool-3-worker-1] INFO   - --- add to set https://skillbox.ru/ Skillbox INDEXING ---
2023-04-08 19:42:05 [ForkJoinPool-3-worker-1] INFO   - --- ForkJoinPool-3-worker-1 got correct abs:href https://skillbox.ru/course/profession-python/ ---
2023-04-08 19:42:49 [ForkJoinPool-4-worker-2] INFO   - --- add to set https://lenta.ru/ Лента.ру INDEXING ---
2023-04-08 19:42:49 [ForkJoinPool-4-worker-2] INFO   - --- ForkJoinPool-4-worker-2 got correct abs:href https://lenta.ru/news/2023/04/07/cancer/ ---
2023-04-08 19:43:17 [ForkJoinPool-4-worker-4] INFO   - --- add to set https://lenta.ru/ Лента.ру INDEXING ---
2023-04-08 19:43:17 [ForkJoinPool-4-worker-4] INFO   - --- ForkJoinPool-4-worker-4 got correct abs:href https://lenta.ru/info/ ---
2023-04-08 19:43:43 [ForkJoinPool-4-worker-3] INFO   - --- add to set https://lenta.ru/ Лента.ру INDEXING ---
2023-04-08 19:43:43 [ForkJoinPool-4-worker-3] INFO   - --- ForkJoinPool-4-worker-3 got correct abs:href https://lenta.ru/info/ ---
2023-04-08 19:43:43 [ForkJoinPool-4-worker-3] INFO   - --- add to set https://lenta.ru/ Лента.ру INDEXING ---
2023-04-08 19:43:43 [ForkJoinPool-4-worker-3] INFO   - --- ForkJoinPool-4-worker-3 got correct abs:href https://lenta.ru/info/posts/sales ---
2023-04-08 19:43:44 [ForkJoinPool-6-worker-1] INFO   - --- add to set https://www.playback.ru/ PlayBack.Ru INDEXING ---
2023-04-08 19:43:44 [ForkJoinPool-6-worker-1] INFO   - --- ForkJoinPool-6-worker-1 got correct abs:href https://www.playback.ru/catalog/1303.html ---
2023-04-08 19:44:24 [ForkJoinPool-4-worker-1] INFO   - --- add to set https://lenta.ru/ Лента.ру INDEXING ---
2023-04-08 19:44:24 [ForkJoinPool-4-worker-1] INFO   - --- ForkJoinPool-4-worker-1 got correct abs:href https://lenta.ru/news/2023/04/07/raif/ ---
2023-04-08 19:44:25 [ForkJoinPool-6-worker-1] INFO   - --- add to set https://www.playback.ru/ PlayBack.Ru INDEXING ---
2023-04-08 19:44:25 [ForkJoinPool-6-worker-1] INFO   - --- ForkJoinPool-6-worker-1 got correct abs:href https://www.playback.ru/catalog/1312.html ---
2023-04-08 19:44:48 [ForkJoinPool-4-worker-3] INFO   - --- add to set https://lenta.ru/ Лента.ру INDEXING ---
2023-04-08 19:44:48 [ForkJoinPool-4-worker-3] INFO   - --- ForkJoinPool-4-worker-3 got correct abs:href https://lenta.ru/info/posts/contacts ---
2023-04-08 19:45:13 [ForkJoinPool-4-worker-4] INFO   - --- add to set https://lenta.ru/ Лента.ру INDEXING ---
2023-04-08 19:45:13 [ForkJoinPool-4-worker-4] INFO   - --- ForkJoinPool-4-worker-4 got correct abs:href https://lenta.ru/info/posts/contacts ---
2023-04-08 19:45:14 [ForkJoinPool-4-worker-4] INFO   - --- add to set https://lenta.ru/ Лента.ру INDEXING ---
2023-04-08 19:45:14 [ForkJoinPool-4-worker-4] INFO   - --- ForkJoinPool-4-worker-4 got correct abs:href https://lenta.ru/parts/pressreleases/ ---
2023-04-08 19:45:54 [ForkJoinPool-4-worker-2] INFO   - --- add to set https://lenta.ru/ Лента.ру INDEXING ---
2023-04-08 19:45:54 [ForkJoinPool-4-worker-2] INFO   - --- ForkJoinPool-4-worker-2 got correct abs:href https://lenta.ru/news/2023/04/07/sex/ ---
2023-04-08 19:46:10 [ForkJoinPool-3-worker-1] INFO   - --- add to set https://skillbox.ru/ Skillbox INDEXING ---
2023-04-08 19:46:10 [ForkJoinPool-3-worker-1] INFO   - --- ForkJoinPool-3-worker-1 got correct abs:href https://skillbox.ru/course/profession-graphdesigner/ ---
2023-04-08 19:46:55 [ForkJoinPool-4-worker-2] INFO   - --- add to set https://lenta.ru/ Лента.ру INDEXING ---
2023-04-08 19:46:55 [ForkJoinPool-4-worker-2] INFO   - --- ForkJoinPool-4-worker-2 got correct abs:href https://lenta.ru/articles/2023/03/12/willis_dementia/ ---
2023-04-08 19:47:26 [ForkJoinPool-4-worker-4] INFO   - --- add to set https://lenta.ru/ Лента.ру INDEXING ---
2023-04-08 19:47:27 [ForkJoinPool-4-worker-4] INFO   - --- ForkJoinPool-4-worker-4 got correct abs:href https://lenta.ru/specprojects/ ---
2023-04-08 19:47:51 [ForkJoinPool-4-worker-3] INFO   - --- add to set https://lenta.ru/ Лента.ру INDEXING ---
2023-04-08 19:47:51 [ForkJoinPool-4-worker-3] INFO   - --- ForkJoinPool-4-worker-3 got correct abs:href https://lenta.ru/specprojects/ ---
2023-04-08 19:47:51 [ForkJoinPool-4-worker-3] INFO   - --- add to set https://lenta.ru/ Лента.ру INDEXING ---
2023-04-08 19:47:51 [ForkJoinPool-4-worker-3] INFO   - --- ForkJoinPool-4-worker-3 got correct abs:href https://lenta.ru/rss ---
2023-04-08 19:47:52 [ForkJoinPool-6-worker-1] INFO   - --- add to set https://www.playback.ru/ PlayBack.Ru INDEXING ---
2023-04-08 19:47:52 [ForkJoinPool-6-worker-1] INFO   - --- ForkJoinPool-6-worker-1 got correct abs:href https://www.playback.ru/dostavka.html ---
2023-04-08 19:48:32 [ForkJoinPool-4-worker-1] INFO   - --- add to set https://lenta.ru/ Лента.ру INDEXING ---
2023-04-08 19:48:32 [ForkJoinPool-4-worker-1] INFO   - --- ForkJoinPool-4-worker-1 got correct abs:href https://lenta.ru/articles/2023/04/06/iistrah/ ---
2023-04-08 19:48:33 [ForkJoinPool-6-worker-1] INFO   - --- add to set https://www.playback.ru/ PlayBack.Ru INDEXING ---
2023-04-08 19:48:33 [ForkJoinPool-6-worker-1] INFO   - --- ForkJoinPool-6-worker-1 got correct abs:href https://www.playback.ru/pickup.html ---
2023-04-08 19:48:57 [ForkJoinPool-4-worker-3] INFO   - --- add to set https://lenta.ru/ Лента.ру INDEXING ---
2023-04-08 19:48:57 [ForkJoinPool-4-worker-3] INFO   - --- ForkJoinPool-4-worker-3 got correct abs:href https://lenta.ru/legal ---
2023-04-08 19:49:23 [ForkJoinPool-4-worker-4] INFO   - --- add to set https://lenta.ru/ Лента.ру INDEXING ---
2023-04-08 19:49:23 [ForkJoinPool-4-worker-4] INFO   - --- ForkJoinPool-4-worker-4 got correct abs:href https://lenta.ru/legal ---
2023-04-08 19:49:23 [ForkJoinPool-4-worker-4] INFO   - --- add to set https://lenta.ru/ Лента.ру INDEXING ---
2023-04-08 19:49:31 [ForkJoinPool-4-worker-4] INFO   - --- ForkJoinPool-4-worker-4 got correct abs:href https://lenta.ru/news/2023/04/08/viner/ ---
2023-04-08 19:50:10 [ForkJoinPool-4-worker-2] INFO   - --- add to set https://lenta.ru/ Лента.ру INDEXING ---
2023-04-08 19:50:10 [ForkJoinPool-4-worker-2] INFO   - --- ForkJoinPool-4-worker-2 got correct abs:href https://lenta.ru/themes/2022/12/17/celebrities/ ---
2023-04-08 19:50:29 [ForkJoinPool-3-worker-1] INFO   - --- add to set https://skillbox.ru/ Skillbox INDEXING ---
2023-04-08 19:50:29 [ForkJoinPool-3-worker-1] INFO   - --- ForkJoinPool-3-worker-1 got correct abs:href https://skillbox.ru/course/profession-business-analyst/ ---
2023-04-08 19:51:15 [ForkJoinPool-4-worker-2] INFO   - --- add to set https://lenta.ru/ Лента.ру INDEXING ---
2023-04-08 19:51:15 [ForkJoinPool-4-worker-2] INFO   - --- ForkJoinPool-4-worker-2 got correct abs:href https://lenta.ru/news/2023/04/07/orgazm/ ---
2023-04-08 19:51:41 [ForkJoinPool-4-worker-4] INFO   - --- add to set https://lenta.ru/ Лента.ру INDEXING ---
2023-04-08 19:51:41 [ForkJoinPool-4-worker-4] INFO   - --- ForkJoinPool-4-worker-4 got correct abs:href https://lenta.ru/news/2023/04/07/wimbledon/ ---
2023-04-08 19:52:05 [ForkJoinPool-4-worker-3] INFO   - --- add to set https://lenta.ru/ Лента.ру INDEXING ---
2023-04-08 19:52:05 [ForkJoinPool-4-worker-3] INFO   - --- ForkJoinPool-4-worker-3 got correct abs:href https://lenta.ru/tags/persons/akinfeev-igor/ ---
2023-04-08 19:52:06 [ForkJoinPool-6-worker-1] INFO   - --- add to set https://www.playback.ru/ PlayBack.Ru INDEXING ---
2023-04-08 19:52:06 [ForkJoinPool-6-worker-1] INFO   - --- ForkJoinPool-6-worker-1 got correct abs:href https://www.playback.ru/payment.html ---
2023-04-08 19:52:49 [ForkJoinPool-4-worker-1] INFO   - --- add to set https://lenta.ru/ Лента.ру INDEXING ---
2023-04-08 19:52:49 [ForkJoinPool-4-worker-1] INFO   - --- ForkJoinPool-4-worker-1 got correct abs:href https://lenta.ru/news/2023/04/07/bank/ ---
2023-04-08 19:52:50 [ForkJoinPool-6-worker-1] INFO   - --- add to set https://www.playback.ru/ PlayBack.Ru INDEXING ---
2023-04-08 19:52:50 [ForkJoinPool-6-worker-1] INFO   - --- ForkJoinPool-6-worker-1 got correct abs:href https://www.playback.ru/warranty.html ---
2023-04-08 19:53:11 [ForkJoinPool-4-worker-3] INFO   - --- add to set https://lenta.ru/ Лента.ру INDEXING ---
2023-04-08 19:53:11 [ForkJoinPool-4-worker-3] INFO   - --- ForkJoinPool-4-worker-3 got correct abs:href https://lenta.ru/news/2023/03/10/akinfeev/ ---
2023-04-08 19:53:31 [ForkJoinPool-4-worker-4] INFO   - --- add to set https://lenta.ru/ Лента.ру INDEXING ---
2023-04-08 19:53:31 [ForkJoinPool-4-worker-4] INFO   - --- ForkJoinPool-4-worker-4 got correct abs:href https://lenta.ru/news/2023/04/07/viner/ ---
2023-04-08 19:54:15 [ForkJoinPool-4-worker-2] INFO   - --- add to set https://lenta.ru/ Лента.ру INDEXING ---
2023-04-08 19:54:15 [ForkJoinPool-4-worker-2] INFO   - --- ForkJoinPool-4-worker-2 got correct abs:href https://lenta.ru/news/2023/04/07/allrg/ ---
2023-04-08 19:54:31 [ForkJoinPool-3-worker-1] INFO   - --- add to set https://skillbox.ru/ Skillbox INDEXING ---
2023-04-08 19:54:31 [ForkJoinPool-3-worker-1] INFO   - --- ForkJoinPool-3-worker-1 got correct abs:href https://skillbox.ru/course/3d-generalist/ ---
2023-04-08 19:55:19 [ForkJoinPool-4-worker-2] INFO   - --- add to set https://lenta.ru/ Лента.ру INDEXING ---
2023-04-08 19:55:19 [ForkJoinPool-4-worker-2] INFO   - --- ForkJoinPool-4-worker-2 got correct abs:href https://lenta.ru/news/2023/04/07/prevention/ ---
2023-04-08 19:55:40 [ForkJoinPool-4-worker-4] INFO   - --- add to set https://lenta.ru/ Лента.ру INDEXING ---
2023-04-08 19:55:40 [ForkJoinPool-4-worker-4] INFO   - --- ForkJoinPool-4-worker-4 got correct abs:href https://lenta.ru/news/2023/04/06/tennis/ ---
2023-04-08 19:56:02 [ForkJoinPool-4-worker-3] INFO   - --- add to set https://lenta.ru/ Лента.ру INDEXING ---
2023-04-08 19:56:02 [ForkJoinPool-4-worker-3] INFO   - --- ForkJoinPool-4-worker-3 got correct abs:href https://lenta.ru/tags/persons/dasaev-rinat/ ---
2023-04-08 19:56:05 [ForkJoinPool-6-worker-1] INFO   - --- add to set https://www.playback.ru/ PlayBack.Ru INDEXING ---
2023-04-08 19:56:05 [ForkJoinPool-6-worker-1] INFO   - --- ForkJoinPool-6-worker-1 got correct abs:href https://www.playback.ru/contacts.html ---
2023-04-08 19:56:45 [ForkJoinPool-4-worker-1] INFO   - --- add to set https://lenta.ru/ Лента.ру INDEXING ---
2023-04-08 19:56:45 [ForkJoinPool-4-worker-1] INFO   - --- ForkJoinPool-4-worker-1 got correct abs:href https://lenta.ru/articles/2023/03/16/usabanki/ ---
2023-04-08 19:56:46 [ForkJoinPool-6-worker-1] INFO   - --- add to set https://www.playback.ru/ PlayBack.Ru INDEXING ---
2023-04-08 19:56:46 [ForkJoinPool-6-worker-1] INFO   - --- ForkJoinPool-6-worker-1 got correct abs:href https://www.playback.ru/product/1123661.html ---
2023-04-08 19:57:07 [ForkJoinPool-4-worker-3] INFO   - --- add to set https://lenta.ru/ Лента.ру INDEXING ---
2023-04-08 19:57:07 [ForkJoinPool-4-worker-3] INFO   - --- ForkJoinPool-4-worker-3 got correct abs:href https://lenta.ru/tags/persons/buffon-dzhanluidzhi/ ---
2023-04-08 19:57:29 [ForkJoinPool-4-worker-4] INFO   - --- add to set https://lenta.ru/ Лента.ру INDEXING ---
2023-04-08 19:57:29 [ForkJoinPool-4-worker-4] INFO   - --- ForkJoinPool-4-worker-4 got correct abs:href https://lenta.ru/sport/2023/04/06/tennis-bernarda-pera-ssha-darya-kasatkina-rossiya/ ---
2023-04-08 19:58:19 [ForkJoinPool-4-worker-2] INFO   - --- add to set https://lenta.ru/ Лента.ру INDEXING ---
2023-04-08 19:58:19 [ForkJoinPool-4-worker-2] INFO   - --- ForkJoinPool-4-worker-2 got correct abs:href https://lenta.ru/news/2023/04/07/son/ ---
2023-04-08 19:58:39 [ForkJoinPool-3-worker-1] INFO   - --- add to set https://skillbox.ru/ Skillbox INDEXING ---
2023-04-08 19:58:39 [ForkJoinPool-3-worker-1] INFO   - --- ForkJoinPool-3-worker-1 got correct abs:href https://skillbox.ru/course/profession-1c/ ---
2023-04-08 19:59:27 [ForkJoinPool-4-worker-2] INFO   - --- add to set https://lenta.ru/ Лента.ру INDEXING ---
2023-04-08 19:59:27 [ForkJoinPool-4-worker-2] INFO   - --- ForkJoinPool-4-worker-2 got correct abs:href https://lenta.ru/news/2023/04/07/fish/ ---
2023-04-08 19:59:58 [ForkJoinPool-4-worker-4] INFO   - --- add to set https://lenta.ru/ Лента.ру INDEXING ---
2023-04-08 19:59:58 [ForkJoinPool-4-worker-4] INFO   - --- ForkJoinPool-4-worker-4 got correct abs:href https://lenta.ru/sport/2023/04/06/tennis-viktoriya-azarenko-belarus-anna-kalinskaya-rossiya/ ---
2023-04-08 20:00:18 [ForkJoinPool-4-worker-3] INFO   - --- add to set https://lenta.ru/ Лента.ру INDEXING ---
2023-04-08 20:00:18 [ForkJoinPool-4-worker-3] INFO   - --- ForkJoinPool-4-worker-3 got correct abs:href https://lenta.ru/tags/organizations/sbornaya-rossii/ ---
2023-04-08 20:00:19 [ForkJoinPool-6-worker-1] INFO   - --- add to set https://www.playback.ru/ PlayBack.Ru INDEXING ---
2023-04-08 20:00:19 [ForkJoinPool-6-worker-1] INFO   - --- ForkJoinPool-6-worker-1 got correct abs:href https://www.playback.ru/product/1122835.html ---
2023-04-08 20:01:03 [ForkJoinPool-4-worker-1] INFO   - --- add to set https://lenta.ru/ Лента.ру INDEXING ---
2023-04-08 20:01:03 [ForkJoinPool-4-worker-1] INFO   - --- ForkJoinPool-4-worker-1 got correct abs:href https://lenta.ru/news/2023/04/07/cryptolosers/ ---
2023-04-08 20:01:05 [ForkJoinPool-6-worker-1] INFO   - --- add to set https://www.playback.ru/ PlayBack.Ru INDEXING ---
2023-04-08 20:01:05 [ForkJoinPool-6-worker-1] INFO   - --- ForkJoinPool-6-worker-1 got correct abs:href https://www.playback.ru/product/1122836.html ---
2023-04-08 20:01:25 [ForkJoinPool-4-worker-3] INFO   - --- add to set https://lenta.ru/ Лента.ру INDEXING ---
2023-04-08 20:01:25 [ForkJoinPool-4-worker-3] INFO   - --- ForkJoinPool-4-worker-3 got correct abs:href https://lenta.ru/tags/geo/rf/ ---
2023-04-08 20:01:45 [ForkJoinPool-4-worker-4] INFO   - --- add to set https://lenta.ru/ Лента.ру INDEXING ---
2023-04-08 20:01:45 [ForkJoinPool-4-worker-4] INFO   - --- ForkJoinPool-4-worker-4 got correct abs:href https://lenta.ru/sport/2023/04/06/tennis-yuliya-graber-avstriya-ekaterina-aleksandrova-rossiya/ ---
2023-04-08 20:02:31 [ForkJoinPool-4-worker-2] INFO   - --- add to set https://lenta.ru/ Лента.ру INDEXING ---
2023-04-08 20:02:31 [ForkJoinPool-4-worker-2] INFO   - --- ForkJoinPool-4-worker-2 got correct abs:href https://lenta.ru/news/2023/04/06/sleepproblems/ ---
2023-04-08 20:02:49 [ForkJoinPool-3-worker-1] INFO   - --- add to set https://skillbox.ru/ Skillbox INDEXING ---
2023-04-08 20:02:49 [ForkJoinPool-3-worker-1] INFO   - --- ForkJoinPool-3-worker-1 got correct abs:href https://skillbox.ru/course/profession-test/ ---
2023-04-08 20:03:41 [ForkJoinPool-4-worker-2] INFO   - --- add to set https://lenta.ru/ Лента.ру INDEXING ---
2023-04-08 20:03:41 [ForkJoinPool-4-worker-2] INFO   - --- ForkJoinPool-4-worker-2 got correct abs:href https://lenta.ru/articles/2023/03/07/hair/ ---
2023-04-08 20:04:02 [ForkJoinPool-4-worker-4] INFO   - --- add to set https://lenta.ru/ Лента.ру INDEXING ---
2023-04-08 20:04:02 [ForkJoinPool-4-worker-4] INFO   - --- ForkJoinPool-4-worker-4 got correct abs:href https://lenta.ru/news/2023/04/05/ioc_tennis/ ---
2023-04-08 20:04:24 [ForkJoinPool-4-worker-3] INFO   - --- add to set https://lenta.ru/ Лента.ру INDEXING ---
2023-04-08 20:04:24 [ForkJoinPool-4-worker-3] INFO   - --- ForkJoinPool-4-worker-3 got correct abs:href https://lenta.ru/tags/organizations/uefa/ ---
2023-04-08 20:04:26 [ForkJoinPool-6-worker-1] INFO   - --- add to set https://www.playback.ru/ PlayBack.Ru INDEXING ---
2023-04-08 20:04:26 [ForkJoinPool-6-worker-1] INFO   - --- ForkJoinPool-6-worker-1 got correct abs:href https://www.playback.ru/product/1122837.html ---
2023-04-08 20:05:11 [ForkJoinPool-4-worker-1] INFO   - --- add to set https://lenta.ru/ Лента.ру INDEXING ---
2023-04-08 20:05:11 [ForkJoinPool-4-worker-1] INFO   - --- ForkJoinPool-4-worker-1 got correct abs:href https://lenta.ru/news/2023/04/07/wnrs/ ---
2023-04-08 20:05:12 [ForkJoinPool-6-worker-1] INFO   - --- add to set https://www.playback.ru/ PlayBack.Ru INDEXING ---
2023-04-08 20:05:12 [ForkJoinPool-6-worker-1] INFO   - --- ForkJoinPool-6-worker-1 got correct abs:href https://www.playback.ru/product/1122829.html ---
2023-04-08 20:05:34 [ForkJoinPool-4-worker-3] INFO   - --- add to set https://lenta.ru/ Лента.ру INDEXING ---
2023-04-08 20:05:34 [ForkJoinPool-4-worker-3] INFO   - --- ForkJoinPool-4-worker-3 got correct abs:href https://lenta.ru/parts/authors/kurashkina/ ---
2023-04-08 20:05:56 [ForkJoinPool-4-worker-4] INFO   - --- add to set https://lenta.ru/ Лента.ру INDEXING ---
2023-04-08 20:05:56 [ForkJoinPool-4-worker-4] INFO   - --- ForkJoinPool-4-worker-4 got correct abs:href https://lenta.ru/news/2023/04/05/goryachkina/ ---
2023-04-08 20:06:44 [ForkJoinPool-4-worker-2] INFO   - --- add to set https://lenta.ru/ Лента.ру INDEXING ---
2023-04-08 20:06:44 [ForkJoinPool-4-worker-2] INFO   - --- ForkJoinPool-4-worker-2 got correct abs:href https://lenta.ru/news/2023/04/06/potency/ ---
2023-04-08 20:06:56 [ForkJoinPool-3-worker-1] INFO   - --- add to set https://skillbox.ru/ Skillbox INDEXING ---
2023-04-08 20:06:56 [ForkJoinPool-3-worker-1] INFO   - --- ForkJoinPool-3-worker-1 got correct abs:href https://skillbox.ru/course/profession-webdev/ ---
2023-04-08 20:08:27 [ForkJoinPool-4-worker-2] INFO   - --- add to set https://lenta.ru/ Лента.ру INDEXING ---
2023-04-08 20:08:27 [ForkJoinPool-4-worker-2] INFO   - --- ForkJoinPool-4-worker-2 got correct abs:href https://lenta.ru/articles/2023/03/05/coolidge/ ---
2023-04-08 20:09:17 [ForkJoinPool-4-worker-4] INFO   - --- add to set https://lenta.ru/ Лента.ру INDEXING ---
2023-04-08 20:09:17 [ForkJoinPool-4-worker-4] INFO   - --- ForkJoinPool-4-worker-4 got correct abs:href https://lenta.ru/news/2023/04/05/poland/ ---
2023-04-08 20:09:37 [ForkJoinPool-4-worker-3] INFO   - --- add to set https://lenta.ru/ Лента.ру INDEXING ---
2023-04-08 20:09:37 [ForkJoinPool-4-worker-3] INFO   - --- ForkJoinPool-4-worker-3 got correct abs:href https://lenta.ru/news/2023/04/08/boets_rossiya/ ---
2023-04-08 20:09:38 [ForkJoinPool-6-worker-1] INFO   - --- add to set https://www.playback.ru/ PlayBack.Ru INDEXING ---
2023-04-08 20:09:38 [ForkJoinPool-6-worker-1] INFO   - --- ForkJoinPool-6-worker-1 got correct abs:href https://www.playback.ru/product/1122830.html ---
2023-04-08 20:10:17 [ForkJoinPool-4-worker-1] INFO   - --- add to set https://lenta.ru/ Лента.ру INDEXING ---
2023-04-08 20:10:17 [ForkJoinPool-4-worker-1] INFO   - --- ForkJoinPool-4-worker-1 got correct abs:href https://lenta.ru/articles/2023/04/03/consequence/ ---
2023-04-08 20:10:18 [ForkJoinPool-6-worker-1] INFO   - --- add to set https://www.playback.ru/ PlayBack.Ru INDEXING ---
2023-04-08 20:10:18 [ForkJoinPool-6-worker-1] INFO   - --- ForkJoinPool-6-worker-1 got correct abs:href https://www.playback.ru/product/111102.html ---
2023-04-08 20:10:38 [ForkJoinPool-4-worker-3] INFO   - --- add to set https://lenta.ru/ Лента.ру INDEXING ---
2023-04-08 20:10:38 [ForkJoinPool-4-worker-3] INFO   - --- ForkJoinPool-4-worker-3 got correct abs:href https://lenta.ru/news/2023/04/08/prigozhin_macron/ ---
2023-04-08 20:10:59 [ForkJoinPool-4-worker-4] INFO   - --- add to set https://lenta.ru/ Лента.ру INDEXING ---
2023-04-08 20:10:59 [ForkJoinPool-4-worker-4] INFO   - --- ForkJoinPool-4-worker-4 got correct abs:href https://lenta.ru/news/2023/04/05/vfla/ ---
2023-04-08 20:11:44 [ForkJoinPool-4-worker-2] INFO   - --- add to set https://lenta.ru/ Лента.ру INDEXING ---
2023-04-08 20:11:44 [ForkJoinPool-4-worker-2] INFO   - --- ForkJoinPool-4-worker-2 got correct abs:href https://lenta.ru/news/2023/04/06/anhedonia/ ---
2023-04-08 20:11:58 [ForkJoinPool-3-worker-1] INFO   - --- add to set https://skillbox.ru/ Skillbox INDEXING ---
2023-04-08 20:11:58 [ForkJoinPool-3-worker-1] INFO   - --- ForkJoinPool-3-worker-1 got correct abs:href https://skillbox.ru/course/profession-java/ ---
2023-04-08 20:18:11 [ForkJoinPool-4-worker-2] INFO   - --- ForkJoinPool-4-worker-2 got correct abs:href https://lenta.ru/2023/03/17/ ---
2023-04-08 20:32:34 [http-nio-8080-exec-5] INFO   - --- купить THERE IS NO SUCH LEMMA ---

2023-04-08 20:32:34 [http-nio-8080-exec-7] INFO   - --- купить THERE IS NO SUCH LEMMA ---

2023-04-08 20:32:34 [http-nio-8080-exec-8] INFO   - --- купить THERE IS NO SUCH LEMMA ---

2023-04-08 20:32:34 [http-nio-8080-exec-2] INFO   - --- купить THERE IS NO SUCH LEMMA ---

2023-04-08 20:32:39 [http-nio-8080-exec-7] INFO   - --- купить THERE IS NO SUCH LEMMA ---

2023-04-08 20:32:39 [http-nio-8080-exec-5] INFO   - --- купить THERE IS NO SUCH LEMMA ---

2023-04-08 20:32:39 [http-nio-8080-exec-2] INFO   - --- купить THERE IS NO SUCH LEMMA ---

2023-04-08 20:32:40 [http-nio-8080-exec-7] INFO   - --- купить LEMMA IS ABOVE THE LIMIT ---

2023-04-08 20:32:40 [http-nio-8080-exec-2] INFO   - --- купить LEMMA IS ABOVE THE LIMIT ---

2023-04-08 20:32:40 [http-nio-8080-exec-5] INFO   - --- купить LEMMA IS ABOVE THE LIMIT ---

2023-04-08 20:32:40 [http-nio-8080-exec-8] INFO   - --- купить THERE IS NO SUCH LEMMA ---

2023-04-08 20:32:40 [http-nio-8080-exec-8] INFO   - --- купить LEMMA IS ABOVE THE LIMIT ---

2023-04-08 20:34:26 [http-nio-8080-exec-3] INFO   - --- купить THERE IS NO SUCH LEMMA ---

2023-04-08 20:34:26 [http-nio-8080-exec-3] INFO   - --- купить THERE IS NO SUCH LEMMA ---

2023-04-08 20:34:26 [http-nio-8080-exec-3] INFO   - --- купить LEMMA IS ABOVE THE LIMIT ---

2023-04-08 20:40:29 [ForkJoinPool-4-worker-4] INFO   - --- add to set https://lenta.ru/ Лента.ру INDEXING ---
2023-04-08 20:40:30 [ForkJoinPool-4-worker-4] INFO   - --- ForkJoinPool-4-worker-4 got correct abs:href https://lenta.ru/sport/2023/04/05/tennis-alize-korne-frantsiya-anna-kalinskaya-rossiya/ ---
2023-04-08 20:44:26 [ForkJoinPool-4-worker-3] INFO   - --- add to set https://lenta.ru/ Лента.ру INDEXING ---
2023-04-08 20:44:26 [ForkJoinPool-4-worker-3] INFO   - --- ForkJoinPool-4-worker-3 got correct abs:href https://lenta.ru/news/2023/04/08/taiwan_antiship/ ---
2023-04-08 20:44:33 [http-nio-8080-exec-3] INFO   - --- планшет THERE IS NO SUCH LEMMA ---

2023-04-08 20:44:33 [http-nio-8080-exec-3] INFO   - --- планшет THERE IS NO SUCH LEMMA ---

2023-04-08 20:44:33 [http-nio-8080-exec-3] INFO   - --- планшет LEMMA IS ABOVE THE LIMIT ---

2023-04-08 20:44:34 [ForkJoinPool-6-worker-1] INFO   - --- add to set https://www.playback.ru/ PlayBack.Ru INDEXING ---
2023-04-08 20:44:34 [ForkJoinPool-6-worker-1] INFO   - --- ForkJoinPool-6-worker-1 got correct abs:href https://www.playback.ru/product/111165.html ---
2023-04-08 20:56:27 [ForkJoinPool-6-worker-1] INFO   - --- ForkJoinPool-6-worker-1 got correct abs:href https://www.playback.ru/ ---
2023-04-08 20:56:28 [ForkJoinPool-4-worker-1] INFO   - --- ForkJoinPool-4-worker-1 got correct abs:href https://skillbox.ru/sale/main/ ---
2023-04-08 20:56:28 [ForkJoinPool-5-worker-1] INFO   - --- ForkJoinPool-5-worker-1 got correct abs:href https://lenta.ru/ ---
2023-04-08 20:56:40 [ForkJoinPool-6-worker-1] INFO   - --- add to set https://www.playback.ru/ PlayBack.Ru INDEXING ---
2023-04-08 20:56:40 [ForkJoinPool-6-worker-1] INFO   - --- ForkJoinPool-6-worker-1 got correct abs:href https://www.playback.ru/basket.html ---
2023-04-08 20:56:49 [ForkJoinPool-5-worker-1] INFO   - --- add to set https://lenta.ru/ Лента.ру INDEXING ---
2023-04-08 20:56:49 [ForkJoinPool-5-worker-1] INFO   - --- ForkJoinPool-5-worker-1 got correct abs:href https://lenta.ru/rubrics/russia/ ---
2023-04-08 20:56:53 [ForkJoinPool-4-worker-1] INFO   - --- add to set https://skillbox.ru/ Skillbox INDEXING ---
2023-04-08 20:56:53 [ForkJoinPool-4-worker-1] INFO   - --- ForkJoinPool-4-worker-1 got correct abs:href https://skillbox.ru/ ---
2023-04-08 20:57:10 [ForkJoinPool-5-worker-1] INFO   - --- add to set https://lenta.ru/ Лента.ру INDEXING ---
2023-04-08 20:57:10 [ForkJoinPool-5-worker-1] INFO   - --- ForkJoinPool-5-worker-1 got correct abs:href https://lenta.ru/rubrics/world/ ---
2023-04-08 20:57:12 [ForkJoinPool-6-worker-1] INFO   - --- add to set https://www.playback.ru/ PlayBack.Ru INDEXING ---
2023-04-08 20:57:12 [ForkJoinPool-6-worker-1] INFO   - --- ForkJoinPool-6-worker-1 got correct abs:href https://www.playback.ru/catalog/1511.html ---
2023-04-08 20:57:33 [ForkJoinPool-5-worker-1] INFO   - --- add to set https://lenta.ru/ Лента.ру INDEXING ---
2023-04-08 20:57:33 [ForkJoinPool-5-worker-1] INFO   - --- ForkJoinPool-5-worker-1 got correct abs:href https://lenta.ru/rubrics/ussr/ ---
2023-04-08 20:57:42 [ForkJoinPool-4-worker-1] INFO   - --- add to set https://skillbox.ru/ Skillbox INDEXING ---
2023-04-08 20:57:42 [ForkJoinPool-4-worker-1] INFO   - --- ForkJoinPool-4-worker-1 got correct abs:href https://skillbox.ru/company/ ---
2023-04-08 20:57:55 [ForkJoinPool-5-worker-1] INFO   - --- add to set https://lenta.ru/ Лента.ру INDEXING ---
2023-04-08 20:57:55 [ForkJoinPool-5-worker-1] INFO   - --- ForkJoinPool-5-worker-1 got correct abs:href https://lenta.ru/rubrics/economics/ ---
2023-04-08 20:58:07 [ForkJoinPool-6-worker-1] INFO   - --- add to set https://www.playback.ru/ PlayBack.Ru INDEXING ---
2023-04-08 20:58:07 [ForkJoinPool-6-worker-1] INFO   - --- ForkJoinPool-6-worker-1 got correct abs:href https://www.playback.ru/catalog/1300.html ---
2023-04-08 20:58:22 [ForkJoinPool-5-worker-1] INFO   - --- add to set https://lenta.ru/ Лента.ру INDEXING ---
2023-04-08 20:58:22 [ForkJoinPool-5-worker-1] INFO   - --- ForkJoinPool-5-worker-1 got correct abs:href https://lenta.ru/rubrics/forces/ ---
2023-04-08 20:58:22 [ForkJoinPool-6-worker-1] INFO   - --- add to set https://www.playback.ru/ PlayBack.Ru INDEXING ---
2023-04-08 20:58:22 [ForkJoinPool-6-worker-1] INFO   - --- ForkJoinPool-6-worker-1 got correct abs:href https://www.playback.ru/catalog/1302.html ---
2023-04-08 20:58:29 [ForkJoinPool-4-worker-1] INFO   - --- add to set https://skillbox.ru/ Skillbox INDEXING ---
2023-04-08 20:58:29 [ForkJoinPool-4-worker-1] INFO   - --- ForkJoinPool-4-worker-1 got correct abs:href https://skillbox.ru/career/ ---
2023-04-08 20:58:29 [ForkJoinPool-6-worker-1] INFO   - --- add to set https://www.playback.ru/ PlayBack.Ru INDEXING ---
2023-04-08 20:58:29 [ForkJoinPool-6-worker-1] INFO   - --- ForkJoinPool-6-worker-1 got correct abs:href https://www.playback.ru/catalog/1310.html ---
2023-04-08 20:58:44 [ForkJoinPool-5-worker-1] INFO   - --- add to set https://lenta.ru/ Лента.ру INDEXING ---
2023-04-08 20:58:44 [ForkJoinPool-5-worker-1] INFO   - --- ForkJoinPool-5-worker-1 got correct abs:href https://lenta.ru/rubrics/science/ ---
2023-04-08 20:58:45 [ForkJoinPool-6-worker-1] INFO   - --- add to set https://www.playback.ru/ PlayBack.Ru INDEXING ---
2023-04-08 20:58:45 [ForkJoinPool-6-worker-1] INFO   - --- ForkJoinPool-6-worker-1 got correct abs:href https://www.playback.ru/catalog/1308.html ---
2023-04-08 20:58:51 [ForkJoinPool-4-worker-1] INFO   - --- add to set https://skillbox.ru/ Skillbox INDEXING ---
2023-04-08 20:58:51 [ForkJoinPool-4-worker-1] INFO   - --- ForkJoinPool-4-worker-1 got correct abs:href https://skillbox.ru/otzyvy/ ---
2023-04-08 20:58:51 [ForkJoinPool-6-worker-1] INFO   - --- add to set https://www.playback.ru/ PlayBack.Ru INDEXING ---
2023-04-08 20:58:51 [ForkJoinPool-6-worker-1] INFO   - --- ForkJoinPool-6-worker-1 got correct abs:href https://www.playback.ru/catalog/1307.html ---
2023-04-08 20:59:12 [ForkJoinPool-5-worker-1] INFO   - --- add to set https://lenta.ru/ Лента.ру INDEXING ---
2023-04-08 20:59:12 [ForkJoinPool-5-worker-1] INFO   - --- ForkJoinPool-5-worker-1 got correct abs:href https://lenta.ru/rubrics/culture/ ---
2023-04-08 20:59:13 [ForkJoinPool-6-worker-1] INFO   - --- add to set https://www.playback.ru/ PlayBack.Ru INDEXING ---
2023-04-08 20:59:13 [ForkJoinPool-6-worker-1] INFO   - --- ForkJoinPool-6-worker-1 got correct abs:href https://www.playback.ru/catalog/1141.html ---
2023-04-08 20:59:19 [ForkJoinPool-4-worker-1] INFO   - --- add to set https://skillbox.ru/ Skillbox INDEXING ---
2023-04-08 20:59:19 [ForkJoinPool-4-worker-1] INFO   - --- ForkJoinPool-4-worker-1 got correct abs:href https://skillbox.ru/contacts/ ---
2023-04-08 20:59:20 [ForkJoinPool-6-worker-1] INFO   - --- add to set https://www.playback.ru/ PlayBack.Ru INDEXING ---
2023-04-08 20:59:20 [ForkJoinPool-6-worker-1] INFO   - --- ForkJoinPool-6-worker-1 got correct abs:href https://www.playback.ru/catalog/1315.html ---
2023-04-08 20:59:38 [ForkJoinPool-5-worker-1] INFO   - --- add to set https://lenta.ru/ Лента.ру INDEXING ---
2023-04-08 20:59:38 [ForkJoinPool-5-worker-1] INFO   - --- ForkJoinPool-5-worker-1 got correct abs:href https://lenta.ru/rubrics/sport/ ---
2023-04-08 20:59:39 [ForkJoinPool-6-worker-1] INFO   - --- add to set https://www.playback.ru/ PlayBack.Ru INDEXING ---
2023-04-08 20:59:39 [ForkJoinPool-6-worker-1] INFO   - --- ForkJoinPool-6-worker-1 got correct abs:href https://www.playback.ru/catalog/1329.html ---
2023-04-08 20:59:47 [ForkJoinPool-4-worker-1] INFO   - --- add to set https://skillbox.ru/ Skillbox INDEXING ---
2023-04-08 20:59:47 [ForkJoinPool-4-worker-1] INFO   - --- ForkJoinPool-4-worker-1 got correct abs:href https://skillbox.ru/jobs/ ---
2023-04-08 20:59:48 [ForkJoinPool-6-worker-1] INFO   - --- add to set https://www.playback.ru/ PlayBack.Ru INDEXING ---
2023-04-08 20:59:48 [ForkJoinPool-6-worker-1] INFO   - --- ForkJoinPool-6-worker-1 got correct abs:href https://www.playback.ru/catalog/665.html ---
2023-04-08 21:00:17 [ForkJoinPool-5-worker-1] INFO   - --- add to set https://lenta.ru/ Лента.ру INDEXING ---
2023-04-08 21:00:17 [ForkJoinPool-5-worker-1] INFO   - --- ForkJoinPool-5-worker-1 got correct abs:href https://lenta.ru/rubrics/media/ ---
2023-04-08 21:00:21 [ForkJoinPool-6-worker-1] INFO   - --- add to set https://www.playback.ru/ PlayBack.Ru INDEXING ---
2023-04-08 21:00:21 [ForkJoinPool-6-worker-1] INFO   - --- ForkJoinPool-6-worker-1 got correct abs:href https://www.playback.ru/catalog/1304.html ---
2023-04-08 21:00:28 [ForkJoinPool-4-worker-1] INFO   - --- add to set https://skillbox.ru/ Skillbox INDEXING ---
2023-04-08 21:00:28 [ForkJoinPool-4-worker-1] INFO   - --- ForkJoinPool-4-worker-1 got correct abs:href https://skillbox.ru/teachers/ ---
2023-04-08 21:00:29 [ForkJoinPool-6-worker-1] INFO   - --- add to set https://www.playback.ru/ PlayBack.Ru INDEXING ---
2023-04-08 21:00:29 [ForkJoinPool-6-worker-1] INFO   - --- ForkJoinPool-6-worker-1 got correct abs:href https://www.playback.ru/catalog/1305.html ---
2023-04-08 21:00:52 [ForkJoinPool-5-worker-1] INFO   - --- add to set https://lenta.ru/ Лента.ру INDEXING ---
2023-04-08 21:00:52 [ForkJoinPool-5-worker-1] INFO   - --- ForkJoinPool-5-worker-1 got correct abs:href https://lenta.ru/rubrics/style/ ---
2023-04-08 21:00:54 [ForkJoinPool-6-worker-1] INFO   - --- add to set https://www.playback.ru/ PlayBack.Ru INDEXING ---
2023-04-08 21:00:54 [ForkJoinPool-6-worker-1] INFO   - --- ForkJoinPool-6-worker-1 got correct abs:href https://www.playback.ru/catalog/1314.html ---
2023-04-08 21:01:02 [ForkJoinPool-4-worker-1] INFO   - --- add to set https://skillbox.ru/ Skillbox INDEXING ---
2023-04-08 21:01:02 [ForkJoinPool-4-worker-1] INFO   - --- ForkJoinPool-4-worker-1 got correct abs:href https://skillbox.ru/platform/ ---
2023-04-08 21:01:03 [ForkJoinPool-6-worker-1] INFO   - --- add to set https://www.playback.ru/ PlayBack.Ru INDEXING ---
2023-04-08 21:01:03 [ForkJoinPool-6-worker-1] INFO   - --- ForkJoinPool-6-worker-1 got correct abs:href https://www.playback.ru/catalog/805.html ---
2023-04-08 21:01:29 [ForkJoinPool-5-worker-1] INFO   - --- add to set https://lenta.ru/ Лента.ру INDEXING ---
2023-04-08 21:01:29 [ForkJoinPool-5-worker-1] INFO   - --- ForkJoinPool-5-worker-1 got correct abs:href https://lenta.ru/rubrics/travel/ ---
2023-04-08 21:01:30 [ForkJoinPool-6-worker-1] INFO   - --- add to set https://www.playback.ru/ PlayBack.Ru INDEXING ---
2023-04-08 21:01:30 [ForkJoinPool-6-worker-1] INFO   - --- ForkJoinPool-6-worker-1 got correct abs:href https://www.playback.ru/catalog/1311.html ---
2023-04-08 21:01:39 [ForkJoinPool-4-worker-1] INFO   - --- add to set https://skillbox.ru/ Skillbox INDEXING ---
2023-04-08 21:01:39 [ForkJoinPool-4-worker-1] INFO   - --- ForkJoinPool-4-worker-1 got correct abs:href https://skillbox.ru/media/ ---
2023-04-08 21:01:43 [ForkJoinPool-6-worker-1] INFO   - --- add to set https://www.playback.ru/ PlayBack.Ru INDEXING ---
2023-04-08 21:01:43 [ForkJoinPool-6-worker-1] INFO   - --- ForkJoinPool-6-worker-1 got correct abs:href https://www.playback.ru/catalog/1317.html ---
2023-04-08 21:02:08 [ForkJoinPool-5-worker-1] INFO   - --- add to set https://lenta.ru/ Лента.ру INDEXING ---
2023-04-08 21:02:08 [ForkJoinPool-5-worker-1] INFO   - --- ForkJoinPool-5-worker-1 got correct abs:href https://lenta.ru/rubrics/life/ ---
2023-04-08 21:02:10 [ForkJoinPool-6-worker-1] INFO   - --- add to set https://www.playback.ru/ PlayBack.Ru INDEXING ---
2023-04-08 21:02:10 [ForkJoinPool-6-worker-1] INFO   - --- ForkJoinPool-6-worker-1 got correct abs:href https://www.playback.ru/catalog/1318.html ---
2023-04-08 21:02:20 [ForkJoinPool-4-worker-1] INFO   - --- add to set https://skillbox.ru/ Skillbox INDEXING ---
2023-04-08 21:02:20 [ForkJoinPool-4-worker-1] INFO   - --- ForkJoinPool-4-worker-1 got correct abs:href https://skillbox.ru/code/ ---
2023-04-08 21:02:21 [ForkJoinPool-6-worker-1] INFO   - --- add to set https://www.playback.ru/ PlayBack.Ru INDEXING ---
2023-04-08 21:02:21 [ForkJoinPool-6-worker-1] INFO   - --- ForkJoinPool-6-worker-1 got correct abs:href https://www.playback.ru/catalog/1412.html ---
2023-04-08 21:02:45 [ForkJoinPool-5-worker-1] INFO   - --- add to set https://lenta.ru/ Лента.ру INDEXING ---
2023-04-08 21:02:45 [ForkJoinPool-5-worker-1] INFO   - --- ForkJoinPool-5-worker-1 got correct abs:href https://lenta.ru/rubrics/realty/ ---
2023-04-08 21:02:46 [ForkJoinPool-6-worker-1] INFO   - --- add to set https://www.playback.ru/ PlayBack.Ru INDEXING ---
2023-04-08 21:02:46 [ForkJoinPool-6-worker-1] INFO   - --- ForkJoinPool-6-worker-1 got correct abs:href https://www.playback.ru/catalog/1429.html ---
2023-04-08 21:02:55 [ForkJoinPool-4-worker-1] INFO   - --- add to set https://skillbox.ru/ Skillbox INDEXING ---
2023-04-08 21:02:55 [ForkJoinPool-4-worker-1] INFO   - --- ForkJoinPool-4-worker-1 got correct abs:href https://skillbox.ru/design/ ---
2023-04-08 21:02:57 [ForkJoinPool-6-worker-1] INFO   - --- add to set https://www.playback.ru/ PlayBack.Ru INDEXING ---
2023-04-08 21:02:57 [ForkJoinPool-6-worker-1] INFO   - --- ForkJoinPool-6-worker-1 got correct abs:href https://www.playback.ru/catalog/1473.html ---
2023-04-08 21:03:25 [ForkJoinPool-5-worker-1] INFO   - --- add to set https://lenta.ru/ Лента.ру INDEXING ---
2023-04-08 21:03:25 [ForkJoinPool-5-worker-1] INFO   - --- ForkJoinPool-5-worker-1 got correct abs:href https://lenta.ru/rubrics/wellness/ ---
2023-04-08 21:03:26 [ForkJoinPool-6-worker-1] INFO   - --- add to set https://www.playback.ru/ PlayBack.Ru INDEXING ---
2023-04-08 21:03:26 [ForkJoinPool-6-worker-1] INFO   - --- ForkJoinPool-6-worker-1 got correct abs:href https://www.playback.ru/catalog/1507.html ---
2023-04-08 21:03:39 [ForkJoinPool-4-worker-1] INFO   - --- add to set https://skillbox.ru/ Skillbox INDEXING ---
2023-04-08 21:03:39 [ForkJoinPool-4-worker-1] INFO   - --- ForkJoinPool-4-worker-1 got correct abs:href https://skillbox.ru/courses/analitika/ ---
2023-04-08 21:03:41 [ForkJoinPool-6-worker-1] INFO   - --- add to set https://www.playback.ru/ PlayBack.Ru INDEXING ---
2023-04-08 21:03:41 [ForkJoinPool-6-worker-1] INFO   - --- ForkJoinPool-6-worker-1 got correct abs:href https://www.playback.ru/catalog/1508.html ---
2023-04-08 21:04:09 [ForkJoinPool-5-worker-1] INFO   - --- add to set https://lenta.ru/ Лента.ру INDEXING ---
2023-04-08 21:04:09 [ForkJoinPool-5-worker-1] INFO   - --- ForkJoinPool-5-worker-1 got correct abs:href https://lenta.ru/my/dashboard ---
2023-04-08 21:04:11 [ForkJoinPool-6-worker-1] INFO   - --- add to set https://www.playback.ru/ PlayBack.Ru INDEXING ---
2023-04-08 21:04:11 [ForkJoinPool-6-worker-1] INFO   - --- ForkJoinPool-6-worker-1 got correct abs:href https://www.playback.ru/catalog/18.html ---
2023-04-08 21:04:23 [ForkJoinPool-4-worker-1] INFO   - --- add to set https://skillbox.ru/ Skillbox INDEXING ---
2023-04-08 21:04:23 [ForkJoinPool-4-worker-1] INFO   - --- ForkJoinPool-4-worker-1 got correct abs:href https://skillbox.ru/marketing/ ---
2023-04-08 21:04:25 [ForkJoinPool-6-worker-1] INFO   - --- add to set https://www.playback.ru/ PlayBack.Ru INDEXING ---
2023-04-08 21:04:25 [ForkJoinPool-6-worker-1] INFO   - --- ForkJoinPool-6-worker-1 got correct abs:href https://www.playback.ru/catalog/1303.html ---
2023-04-08 21:25:25 [ForkJoinPool-4-worker-1] INFO   - --- ForkJoinPool-4-worker-1 got correct abs:href https://www.playback.ru/ ---
2023-04-08 21:25:27 [ForkJoinPool-4-worker-1] INFO   - --- add to set https://www.playback.ru/ PlayBack.Ru INDEXING ---
2023-04-08 21:25:27 [ForkJoinPool-4-worker-1] INFO   - --- ForkJoinPool-4-worker-1 got correct abs:href https://www.playback.ru/basket.html ---
2023-04-08 21:25:28 [ForkJoinPool-4-worker-1] INFO   - --- add to set https://www.playback.ru/ PlayBack.Ru INDEXING ---
2023-04-08 21:25:28 [ForkJoinPool-4-worker-1] INFO   - --- ForkJoinPool-4-worker-1 got correct abs:href https://www.playback.ru/catalog/1511.html ---
2023-04-08 21:25:31 [ForkJoinPool-4-worker-1] INFO   - --- add to set https://www.playback.ru/ PlayBack.Ru INDEXING ---
2023-04-08 21:25:31 [ForkJoinPool-4-worker-1] INFO   - --- ForkJoinPool-4-worker-1 got correct abs:href https://www.playback.ru/catalog/1300.html ---
2023-04-08 21:25:32 [ForkJoinPool-4-worker-1] INFO   - --- add to set https://www.playback.ru/ PlayBack.Ru INDEXING ---
2023-04-08 21:25:32 [ForkJoinPool-4-worker-1] INFO   - --- ForkJoinPool-4-worker-1 got correct abs:href https://www.playback.ru/catalog/1302.html ---
2023-04-08 21:25:33 [ForkJoinPool-6-worker-1] INFO   - --- ForkJoinPool-6-worker-1 got correct abs:href https://skillbox.ru/sale/main/ ---
2023-04-08 21:25:33 [ForkJoinPool-5-worker-1] INFO   - --- ForkJoinPool-5-worker-1 got correct abs:href https://lenta.ru/ ---
2023-04-08 21:25:35 [ForkJoinPool-4-worker-1] INFO   - --- add to set https://www.playback.ru/ PlayBack.Ru INDEXING ---
2023-04-08 21:25:35 [ForkJoinPool-4-worker-1] INFO   - --- ForkJoinPool-4-worker-1 got correct abs:href https://www.playback.ru/catalog/1310.html ---
2023-04-08 21:25:40 [ForkJoinPool-5-worker-1] INFO   - --- add to set https://lenta.ru/ Лента.ру INDEXING ---
2023-04-08 21:25:40 [ForkJoinPool-5-worker-1] INFO   - --- ForkJoinPool-5-worker-1 got correct abs:href https://lenta.ru/rubrics/russia/ ---
2023-04-08 21:25:43 [ForkJoinPool-6-worker-1] INFO   - --- add to set https://skillbox.ru/ Skillbox INDEXING ---
2023-04-08 21:25:43 [ForkJoinPool-6-worker-1] INFO   - --- ForkJoinPool-6-worker-1 got correct abs:href https://skillbox.ru/ ---
2023-04-08 21:25:52 [ForkJoinPool-5-worker-1] INFO   - --- add to set https://lenta.ru/ Лента.ру INDEXING ---
2023-04-08 21:25:52 [ForkJoinPool-5-worker-1] INFO   - --- ForkJoinPool-5-worker-1 got correct abs:href https://lenta.ru/rubrics/world/ ---
2023-04-08 21:25:53 [ForkJoinPool-4-worker-1] INFO   - --- add to set https://www.playback.ru/ PlayBack.Ru INDEXING ---
2023-04-08 21:25:53 [ForkJoinPool-4-worker-1] INFO   - --- ForkJoinPool-4-worker-1 got correct abs:href https://www.playback.ru/catalog/1308.html ---
2023-04-08 21:26:03 [ForkJoinPool-5-worker-1] INFO   - --- add to set https://lenta.ru/ Лента.ру INDEXING ---
2023-04-08 21:26:03 [ForkJoinPool-5-worker-1] INFO   - --- ForkJoinPool-5-worker-1 got correct abs:href https://lenta.ru/rubrics/ussr/ ---
2023-04-08 21:26:07 [ForkJoinPool-6-worker-1] INFO   - --- add to set https://skillbox.ru/ Skillbox INDEXING ---
2023-04-08 21:26:07 [ForkJoinPool-6-worker-1] INFO   - --- ForkJoinPool-6-worker-1 got correct abs:href https://skillbox.ru/company/ ---
2023-04-08 21:26:25 [ForkJoinPool-5-worker-1] INFO   - --- add to set https://lenta.ru/ Лента.ру INDEXING ---
2023-04-08 21:26:25 [ForkJoinPool-5-worker-1] INFO   - --- ForkJoinPool-5-worker-1 got correct abs:href https://lenta.ru/rubrics/economics/ ---
2023-04-08 21:26:27 [ForkJoinPool-4-worker-1] INFO   - --- add to set https://www.playback.ru/ PlayBack.Ru INDEXING ---
2023-04-08 21:26:27 [ForkJoinPool-4-worker-1] INFO   - --- ForkJoinPool-4-worker-1 got correct abs:href https://www.playback.ru/catalog/1307.html ---
